[  4,   4,   4,   8,   4,   7,   5,   7]
4
[  4,  11,   9,   9,   7,   5,   6,   9]
5
[  3,  10,   9,   8,   7,   5,   6,   7]
6
[  3,   7,   8,   7,   6,   7,   7,   5]
7
[  6,   9,   9,   9,   6,   9,   9, [  9 ]
 49, 
  6[,     62,  ,  8 , 13  , 5 , 13  , 7,     76, ,    7 ]
91
,  [   52, ,    9 ,  8 9, ,    7 , 5  ]
710,  
 5[,    6 , 5  5, ]
2 
 [7  , 4 ,    66, ,    6 , 9  , 8 ,    55, ,    7 , 7  , 6 ,    67]
, 3
  [9  ]
512, 
 10, [ 11 ,    48, ,    712,  ,  9 , 12 10, ,     78]
4, 
 [  8 4, ,   13 , 7 11, ,     99, ,    8 , 7  ]
513, 
  7[,     94]
5, 
 [10  , 6 , 10 11, ,   11 , 8  , 9,     77,  ,  9 ,   710, ,    9]
 68
, [   3 , 7 13]
, 14 14
,   7,  [ 9 ,    37, ,   1010,  ,  5 ]
 79
, [    78,  ,  9 ,   107,  ,  9 ,    56, ,  11 ,   116,  ,   9 ]
78
]
15
[ [ 9 ,   155,  , 18 ,    99, ,    9 , 8 15, ,   18 ,  9 9, ]
12 
 6[ ,  5 ,   197,  , 22 ,    77, ,  12 ,   119, ]
 17[16, 
  5 []
 14 
7 [3 ,  , 2  ,  11 511, , ,   11 12,   , 6  7,  ,   7  8, 5,   ,    58 , ,  2  7,  ,  7   , 95 ]
,  15 9
 , [9    , 55 , ]
  17 76
]
, [ 1  7
 , 4[  ,  8  ,   57 5, , ,      9 9, 9 ,  , 8 ,      78]
717, 
,  [    9 64, , ,   11  ,  6 913, , ,      7 7, 9  , , 8 ,      795, , ]
  1118 , 
 9 5]
[]
218 

 [7 [ , 4 ,    10510, , ,    101311, ,  ,    8 14, 8 ,  , 7  ,    7 77, , ,      8138, ,  ,    71411]
, 19, 
   [13 7 , 4]
 , 21  
510, []
  104 , 
 5 8[, ,      7175, ,  ,   7 16, 13 , ,   8  , 12 9 , 7, ]
 20  
109[,  ,   4  ,  7[ 8, 10,   , 11   ,  510 7, ,    9,   ]
3 822 , , 9
  ,   [6 7 ,  ,   9  2 ]
57, 5, ,   
 11  38[, , ,      1011 3, 7, ]
 , 21   
9 11, [7  ,   , 4 3 ]
12,  2,  8
10 , ,   [  7 9  , , 57  ,  ,    8 8 , 7,  7,    7 ,  7, 8  ,  ,   55  ]
, 7  23,  9
 6 , [4,  ,     710  ]
, 4522 , 
10]
 , [6   
 6 85]
[, , 3  
   8 [, 4 6  ,  9, 7,   ,       8588, , ,   ,   6  6,  ,   8  5 9, 5, ,  ,        8927, , ,  ,       7 69]
6, 23,  
,   9[  ,    7 7 5, 7]
, ]
  24411 

7, [  , [14   , 5   , 7 3 7]
 , 7, 9 
 ,    [98  8, ,  ,   3 1110 , , 7,   , 13   ,   9 75 , 5, ,  ]
   25610
 , ,  7[  7 , ,      748 , ]
, 7 6 12
,  ,  [  7 128 , , 5 ,  ,    8  7, 11 5, ,  ]
  81425 , , 
 8   75[, , ,         9375, , ,   ]
10  , 78  ]

81326
[, , [       4 33]
7, 7,  
, 10   ,  [ 7 8  , 96,  ,  ,      81386, , ,  ,   13   , 77  , ,  5 7  , , 5   ,  6 7  , , 65  ,    , 8 77,  ]
,   2711 
7,  [ ]
7  26 8, 4
]
 , 8[  
  57[ ]
 4,  9 6,  
, 9  , 14  ,  9 7[, 16,   ,      6 47, 6,  , ,    9   , 8  7,  9 , 910,  , ,       14596, ]
,  28,  
  6 ]
 [7115 
,  , 6[ ,       11665, ,  , , [ 11  14,   ,   99   ]
166, 927, ,  ,  
     6 [98, 7 ,   , ,   1082  , ,  ,    0  510, 4 ]
,  , 9 1010 14, 
,  ,   4 [   , 9 96 ]
  ]
, 299214
 , 
,   [  117[  ,  0 , 9 , 5   , ,   5  713]
0 , , 2, 9 
  16,  [ , 05   ,  ,     765 ,  , 0,  6,     ,   8 8 76, ,   ,  , 105 10, ]
  ,  280  14
,  5,  6[  , ,  64    , ]
 155  
3,  6 [6, 10 , ]
  , 32 5  
 , 1155 , [,  14]
   ,  9611  , ]

156 3, [11
,  ,     [14 4  , 4 ,  715 , 7,  ,  ,  710   , ,   6  85  , , 70,  ,  , 11     , 126167 , , ,  ,   412   , ]
5   33]
8 6
164, 
, , [ [     11   5, 055 , , , 13]
   ,  29   0
87 , , 5 ,  ]
  [509
 ,  ,   [    6 0 64, 6, ,  , ,        94 7 , , 7, 8   ]
  , 110127 , , 
, 10    [  , 599  , , ,       4 8 52, 5, , ]
]
 18  34
1112 
, [,  6 [  13 , 6  ,  , 39 11 ,  ,   , 4209 ]
 6, ,   
11  919[9, ,  , ,       5  4 , 7 5, ]
7 318,  , 
,  10    , [ 4 59 ,  , 0,     ,  3   78, 116, ,  ,   14,    ,  96 5 , , ]
 13  359  , 
7]
9 ]
[, 13  19  

8 9[, 0[ ,   ,     4 77  ]
, , 097  , 
 , 10 9[  [, ,  0    ,  105 710 , 4, , ,    ,  0  912   , , ,  88    3,  , 156,  3 , ,   ,     7  7115 ]
8, , , 032,    , 
 11    7 , [ 783,  ,  , ,   9  13 3 ]
 , 4,  204 ,  
8]
15 37,  [ , 
 7 9  [ ,  , 77 9 ]
  ]
 , 95
 714 , 8[, 15
   , , 20  [  5, 518  ,  ]
7,   211 , 153
,  ,   , 5 [   , 18 86 10 , ,  , 6 ,  7 ,  12  ,  7 , 7  7, 9 13, ,    , ,  100    , , 7 187  15, , , 118,    ,   9,     , 7 7515 ]
]
]
  , 21383357 


,  , [[[  5      ]
 895 110, 
, , 4 ,  ,  10[ ,       8  , 601457 , , , ,  ,    9    12]
0,  6 2,  7, 
9 13 ]
 ,  [, 015 6  ,  ,  
  8  8[7, 145,    , , ,       583 , 16 , 0 , , 6 ,  ,      9   7 5, 67, 0,  ]
 ,  11, 24   , 
 5 8 [ , ]
8   9407  , 
]
, 72 12, , [ 
      7[11 9, 5 , 9]
,   ,   34114 
14 , 22, ,  6 [,  12 ,   235 , 7 , ,   ]
   1214 037, , 6
,   , ,  [814    , , 14    [ , 507   , ,  , 8 016  9 ,  , ,  ,    5  519 0 ,  7]
, 4,  8,  16]
  ,  13 
257  ]
9
, [ 041,  [7 
 , 10 ,      , [ 574   5]
, , ,   134   50
  ,  , ,  69[ , 9  ,  ,      0511 0 5, , ,  , 7,  ,    8 10    012, ,  3 4, ,   8, 11 ,   ]
  ,   995 0  , 
5, 4, 2 , ]
 [ 10 ]
 1  9,  
356 ,  7, 
7[  , [  ,   710   12 0, ,  74, ,   5,  ,      15,  53   , 9, ]
 1277 , , ,  27,    6
  6  ,   [, 4 999  ]
11,  ,  ]
42]
 1767 
15 
, ,  
5[  612[ , [  , ,    7  6   5, 15, 4 3,  ,  , 225  ,   ,  7,   11 8, 6 ]
1220, ,   7 , ,   
013  7[  , ,  9,  811  7,   , , ,    7     6411, 8 4, , ,  , 8]
  10  3  , ,   
80 9 9,  13, [,  ]
8,     11 37 13, 58,  
,  , ,  4    [ 10,   55]
  98]
43,   , ]
16
285 0 

, [  12,  [[  7, 11  0   , ,  ,  0 56 7 14, , ,   , ,     07  1110 ,  ]
6, ,  , 50]
18    8, 12
12010
 , , , , [ [        0 812 ,  70, , 7,  , 4 ,        , 6   87 , , 5 4 ]
6,  10, 47
,  11, 11[  , ,  ,     12   0 0, 412 8,  , , , 9 ,       8  96,   6]
, , , 7 529   ]
 
1110, ]
13177, 45 
[,  
 ,    [513 [  8 , ,   95]
  116, ,   39,  ,  67 
1113 , ]
23, , [  9,   8  
9 14, 16,  24[,  ,  9,    10    , 17 , 8 957,  ,  , , ,    124   1510]
 9,  , 65, ,   5
,    13]
 14, [110 1319,  ,  , ,  
 145  [ 14, 21, , 168  ,   , ,      5  9163 ]
 9]
, 7197]
,  46, 
, 3112 
 
 , [  1015 [[,  0  ,   5  57,   0, , ,   169,    14,  , 11 9   , , 6,   0   , 7138, 1414 ]
, ]
 , ,  1011   41  , 
 
037 7, , [, 12 [ , [   ,      0  58 0,   9, , 5 4, ]
  ,  11, 7  135 11, 
   , 12, ,  0[ 6,   0 16,  13,   , , 17 ,  56  ,    0, 11 ,   7 , , 3 5 10]
  ]
4]
,   20 33, 21 87

0 
11]
, [[ , 47 , [  6 
     10, 44 [3  , ,  , 4,  159   , 10 , 8,    ,   , 5 128 193 ,  , 280, , 10  ,  , ,  ,     12  7 5 , 726 , ]
 8 , , 7 12 109,   
8, ,  14,  , [   ,   8  4    105, , 15886, , ]
  , ,   ]
 814     42 
, [0697
, 5 [, , ,   14]
[       , 1 19 13 5 510
, ,  5, 9, , , 6]
16 [    34 ]
,     8 
748 75[6,  ]

21,    , , 5[22 ,  8    21 
,  9 , 7 0, [5 ,  , 7,    ,    12  ]
4 166 ,   , 219, 
4,  60  , , [12 , , 1117 , ,   ,       12    574  , 1040, 9, 8 , ,  , , ,  ]
         13797  0  
, , , 8[609,   ,   , ,  ,    11   10 9 15 , 88,  , 48 , ,  7  ,  12,  ,    ,  5,  13 09 9]
  , 6 ,  , 1011]
 ]
 85
]
 351543110, 
, [
 , 
, 6   , [  [  [   18  66 87 ]
11 ,  , , , 750, 0 6   
,   , ,    12 9[ 9 76,  ]
  ,   ,  ]
723819 0 152
, , 9, 12,  , 
  [,  ,   31 10 [ 915 10, ,   11, ]
, 0,   6  ,  22 32,   6   
, 48 1077,  , ]
[ , , , 29   15  0 10, ,  4 ,   
12 17 ,  6 6, [212, ,  9,   ,  ,    ,    89 18  8  , , 11, 118, 00   , ,  , , 1310 , 11    , ]
 ]
  71131 114365 ]
, 15, 3
, 
, 6  , 
  [[11,   28[   ,   3]
 117  51251 , , 612, , 
]
5  , ,    45, 16[   9  
,  14  619,  8 , 7, , 7 [0 , ]
  , 1016,   24 11  , ,  12
 , 610 0 , 5 [, , 10,  ,  15 ,     524 ,   ,   10]
5 77  0 , , 3, , 724, 7   
  ]
,  12, 1315 16[0 ,  , , 6
 ,  18   , 20[  14, 165 ,  195,  , 11]
  ,  ,  15,  238      9, 
,   80711 ]
 [11]
, , , 4370 , 12   
, ,    
19   [31321, 95[  ,  , , , ]
  55 10    [8
 ]
11,  318, 752[,   6,  ,  ]

,  14   11 46   , [1384,  
56  , ,  [6,  ,  ,  17 ,  5  7 14 ,   ]
 13, 6, ,   12264, 0 ,  , 13 ,   8
 40  , 9 514, , ,  [   , ,    9   06  1043 9, 5 ,  , , , 5 ,  , 78   12  ,   , ]
  80,  12  7176,  , 8, 16  
,  24, ,  , 13 510[  ,    , 0, ,      19  , 9  794,    , 0 ]
, ,  8612 , 4 5  , ]
13 , 11, 4
,   13, 29  ]
 6 
[ , [   38 78, 16   0
9]
]
,   ,  6, [624 9  3,  
  
]
6 ,   912[535,  4 , [ 
, ,   ,  9   [7   113, ,    ,  611,   6 5 4]
 ,  8  , 0, ]
2 137, 9 ,  4713
, ]
 13 ,  
,  27  , [ 9 14
9[0    , , , [  , 17 95      , 6, ,    78 7  ,  73, 0,  ,   7 , ,  , 7 ]
 1810,  6    
29  , 119,  9 [8,  , , 0 8 , ,  12  ,   ,   2612 ,  89   , 7,   , 11 7, , , 6 , 7  6     , , 10  ,  9, 7  109  4 614, , ,  , ,   ]
]
   6 0 74014  14 , ,  

8, 65,   9, [[ , ]
  10 ]
    777  ,  7   
, ,  709
1236[10 , , , , , ,  []
        55  910 1416 6
9 , ]
 8, 156, , ]
, 6 [25,  ,   6  ,  
16  12
512   , 8[]
]
, 7[614  ,  2848 , ,    , 
 43 6
  2610[, 16, 10 ]
, [,    , 6,   21   455,  ,   13
13  ,   167, , 8, [ 0 8,   ,   198,  18, 13 13 , ,   ,   , 9 ,  6   6 , 26  , 0 9,   9,   65,  11, 9,    ]
, 11  ,    , 5043,   1411  , 
,  08, 8,    11[,  , ,    833,   ,    148 ,  9   604]
 ,  9,  , 157 , , 17  ,   9 
]
 ,  ]
  7790[ 56 810]
, 
, 8 
117, ,  ,  [ 
,  [15    215  [ ,    9  , ,    916 42, 00  , 7]
5]
,  , , 8 , 26,  7  ,    
13 
7  9[  , 14]
0 ]
, [ 7  729, 
722  , 13 ,  , 
0[  , 7  15,   3 [, 17   90,  , 7 , 10  817, , ]
  ,  , 0  , 50   18 ,   7 
85 11,  012, 149, , , [ , ,   , ,      11    11  157  , 6 , 96, ]
00 , 5 ,  , 45, ,   , 28  
    9 7,    125 [, , ,  950, 8    31, ,  , ,     ,      9 6, 67 8 12 4]
 , 5]
, 185, ]
16, 10 , 57 , 10  
 16,  
 10
 19 [,  0[, [7, 6   15,    ]
 18,  ,     81339,  0  4, , , ]
 
 56,   ,   284, [28    8
 ,  , 26 6 5]
   [, 4, 4423,  28 ]
  
, ]
 5, 30  15[  8,  
1257 ]
711
 , , [ , 51, , 15  [ 9  
 16, 1013  ,  19 , , [ 4,   718 ,   ,  134, ,  6    ,  ,  0, 161207   5 ,   , , 16, , 5,    8  ,  11]
 2046, 6 12,    
, 0,  8,   9 [,  , 10 5,  12      , , 8]
   46   0,  58, 8
98, ,     , , [ ,  670  ,     8 , 6 ,    7]
11 117, 5, ]
 0, 1713
, ,  11 11,  ,  [   
13  ,   17 135]
, 0[5  0,  ,  30,  ]
 ,  3  
 610 0  ,  9 , 
[07,  6, 9 ]
, 11    , [, 24 ,  7  11  
    , 657,  [7011 , , ,  6 ,  ,  ,  8   ]
 7  18 , 19118 31,  , 6  , , 8]

 95217]
   ,  , [
, 991510 9   [ , 
, , , 0      [  , 706  1114   , ]
, 77,  , 9  47 , ,  , 7 8 
10     , 9, 0  [, 3 25,  8 , 12 ,  7 , 10,   ,  ,  8, ]
  7    561  26, 0 5, 11
,  7 97, ,  ,   , []
  , 11 8   12 13  , ,  912
0, ,  8  6, ,  [ 811, 15, ]
  16  13,  , 1828 4,   ]
 
 31[,  ,  5  6  
  9, 38,  032  ]
013[]
, 2 , , 26, ,   11,   
8    16 
 20[,  196, 9,  ,  [4  ,  7,    , 10 13 , 209   197, , 10  ,  ,  2, ,  ,   913]
 7 4 ]
 10, ,  53 , 183411
 ]
 07
 , 11, [ 10, ,  [ ,   7
11  9    ]
2810, , [ 671448, ,    0, 
, ,   16  10 ,   [ ]
7712,     7562, , ,   8 , ]

,    1008 14,   14 , [ , 
 6 , 8  412 10, [9  , , ,   ,  100,     0 15  , , 14  55, 14, 3  , 6, ,  ,   ,    ,    9110 14   010, ]
 , 11, 6 7, ,  ,  32  , ]
4  0  
  198,  ,  0 812
, [7 1313, ]
, 5,  [ , ,  27  ]
16     
 1512,    700[,  
728, ,  , 16 , ]
, [    ,   35 12 715   9 
 ,  , ,  87]
85 [ 511 ]
, , 11, ,  0 , 1651 
   0 ,  
 ,   10, 5[1212 [7117 ]
, ,  , ,  , ,   55      0  
8   8 , 9107, [689,  , , , ,    ]
 ,        1263819 0 56 
, , ,    6, ]
, 0[ 21, 279,  15   ,  ,   
, 10 8,  14,  0 [ 7 116,  ,  29 12, , ,  10  , , 5,    10 3   27, 12 6]
, 19   ,  4, , 33 8, 5   ,   8
]
28, 187 14 , , 28,   [,  0,  
 1111  6  ,   [, , 6]
  0187    20,  0, , , 16910
6  ,    , , , , [10  9      ]
825 ]
13011  52, 0, 14, ,  8]
3
 ,  
16 ]
12 ,   [17 , [37

 6200 ]
   , [[, 8,  56  6    10, 5
  2 , 10 ]
, 1705[ , , , 964 , , ,      
    5 14 11623 [16, 0, 7, 5, , ,    ,   , ,     10 1611 13   0, 9, , 17,   70,  ,   , 170]
   6,  16   ,  16, 0, 12, 710 
0,  ,   ,   , [  ,    0 117 6   7, 18, ]
,  , 9  8 ,  29 
2 , 0[ ,   22, 4  013, 0  ,  ,  , ,  ,   8  8    12 57]
8,  17166, , , ,  ]
35 7]
 , ,    2110
5314  7  
, 
]
 11, 07[[ 380[]
 , ,  14
  ,   [14  ,   11 7 
312 58  , , ,  , ]
, 7[0  6   15 ,  ,  6, 16 19
   8,  , 6, 106 [,      ]
]
0,   6521196657, ,     , , , 
 
72018 6   [, , , [14 , 150    ,  5,  12, 10 22 8 ,  13,  , 16, ,  714  ,  ,     29, ,  0   5 ]
 , 16 7,  8170 , 6, 28,  6
31,   ,  10, ]
, [ 1218  ,   32 27 20, , 610 
19 , ,    , 0, , 4[12 1011 ,  ,   ,  ]
15,  5 19, 17   54]
10  ,  58, 
,  , 3615 6 ,   [ 
8, ,    7  ]
]
  010 [712222 15, , 0 , ]
, 
6
  14,   39 , [26, [ 210
     ,  18, ,  6 [5   , 8 4 , , 17823,   ,   0 ]
, ,  1111 4 , 67    ]
 ]
, 16 817
5 1455823
[, , , 0, , 
,     [ ,     14[ 13   211890, 7,    , 0, ,  , ,  9 0  , 20   16 , 10 ,  ,  6, 5 , 814   0,  ,  , 11, 022  ,    7,   , , 511  ,  715]
 ]
 ,  9  18,  3316  010, 0

]
0  , ,  , 55[[0, 6  15
    ,    , , 0  11 [12,  9 02,  7 ,  , 18, ,  6, 13    ,  12 , ,   6    , 7  789]
 7,  1130]
]
, 377 ,  , 40, 23 
12]
 0 
31
  , 16[[ , , [15 9  , 
 0    , [   18, 1207 3   6,  , , , 7,  9 ,     ,  618]
  7 10 11, , 018256, ]
  ,   , 
, , 768 142013   , [
12, ]
,  15, 25     0 60, [ , 1726 , 8 
5  , 9,  15, ,    [,   ,   9918 0    14 13, ]
, , 9 36, ,  56 28 , 5, ,   
 , 14 ]
  31154 [ 34 ,  ,  , 29,  8
57]
   , 130 , [, 19, 
31  0,        [,  14, 327 61711   , 21, 9, , , 4, ,    , 17   ,  4 33  ,   19 , 16 , 8  7,  96,  ,  6,    ]
]
2418  0, 6 ]
120
38, 10  , 42, , [ 
, 3 
 [ [ 19  6]
22  15 ,  26, 18,   3,  4 , 
7 0, 20 ,   , 1321[ , ,    8 ]
]
   278 , 2369761  
, 4]
 , 
, 8 0 , [ 20  , 18 , 5[ 8
24 ]
  ,   , ,  579[    0  7
, 11 070 , , ,  ,   [, 9,   11 148  ,    ,  , 10 ,   0 09 , 6  0 ,  , ,  , 7135, 0  32  , ]
,  ,   ,    36    1560 7, , 7 
8, 018 , 30]
  , [, ,     , 20  0 104   
 0 ]
, , 18057[543, ,   , , 12,  , 
       ,   [14196 5   6 , , 9,  6, 712  , ,  ]
  , 014,   25 100 , ,   11 
8, 10,  21 0, [ ]
,   , 8, 11]
   04014  , 1915  , 
18,   
7, 4 ]
 9[ , [    , 5810, 8]
  0 7 
,   62 10, 7]
   [6
 , , 82167 ,    [, 
]
11,  0[2615  70,  
11,  , ,  [   ,     7 8259  872816 , , , 11  , , , , , 7 26, 30      10, ,  10,  11016 ,    5,   , , 7,   2217]
 33 ,   7713, , 387,  17, , ,  
 ]
   12,  16 2121810[, ,   ,  
, ]
  8   5 45[1119, 10180
, 10 ,  , , , ,  [  ,        6157 22 1423125, , , 12, 0, , ,    ,   , 16,     1316  ]
 255914248, , 811 
, ]
 ]
,  21 ]
0, 274113 [1126
,  , 
,   , 
  14[  9 [15[19 , 8  , ]
  , , 9 8  63    17,  , 2667
011,  7 , , ,  ]
 ,  []
  15 0718  261123, 15, ,  , 
 , ,  
  0  0 1724 [[1916, 12, , ,  9,   ,  ,  13 ,       17]
 39 1707 110, 
011]
, 5[, ,  , , 46,   , 13  14 
   , [   10 ,    011  , 89,  000, , 9 , ]
19 , ,    14,  22, 13    10, 12 
140,  0 , , 12]
,  , [ 0 ,  60,     0 712,  , 
   176,     04[,  , ,   401010,   7  , , , ]
 11,   4    2714, 0, 6]
 17  
 ,  , 224, 0724 14 
[ ]
19, , , , 12, 12  [, 42    ,   8  4  
1911  0, , 144, ]
 [7 ,   ,  , 400  , 9 1720 
,  15,   , ,   [6 ,  7  126  ,  81514, , ,  ]
7 17]
,    926, 24,  11651814
]
,  
12[,   , ]
48 10, [   11
7311,   [51122, 
,  14  , , ,    19, 7  [  10327, 22 ,    , ]
 8, ]
6 169 2327, 61 , 10,  
, , 
 35 ,  7 27 [12[ ,  , 32 ,   9,   13, 8  14,  ,  18 , 4, 25   431, ,   1030, 0, ,    13]
,   ,  1021828 , 23 22 , , 14
28,  9, ,   , , [  ,    10     4 1611, 200 1070]
, ,  , 2, ]
,  ,  24  8 ,  432811 
 , 17 34
]
, 130  , [, 41 [ , 79 ,   
15 , ]
  ,  14 26[   660 23, 7]
 , 70
,   , , 49  ,  923 [ 
9   , , 25 10, 87,    []
  , ]
  022 75013 29139]
 , 
 , , 
, , 620 7   
 ,  ]
12[  [  [024, 8 0 6  
,  ,  0, ,   11  , [0,  0,  4      ,   , 660  ,  0   , 74, 0  , 016 , ,  , 120  , 6 ,    , ,    , 1111  6 014  , , 016 , ,  0,   , 0,  6  , 12  ,  , ]
  11 9 ,  19 2908 , 6,  13 ,  
, 0 ]
]
 10 00, [  , 92742 , ,     , 

0    6 71614, , 4[11 [7, , ,   ,  ,  ,   19 11  12    ,  ,  8,  6 0 0710  ]
65, , , ,  ]
13 45]
,     50, 7
 ]
671430 516
  
, 
9, [15, 6,  [ , [ [  , 16 11  10 1518 , ]
10, 13 ,   ]
 64,  , 2 96 77
 ,   , ]
249[
436  25 ,  , , , 255
  22   [, 19, [943,  26 ,      , 6, 25, 1825  30 ,  ,  , 64, , 15    16 , ,  ,  36 92715 ,   424, , ]
10,   129, ,  43, 
  16,   36,  34[ 7, 10  , 10 , 14, ]
 31140 , 14 ,   
25, ,  , 41  0, [    ,  7  ,  29815 0  ,  4 , ]
, , 254, 022  28  
, ,  , 15, ]
5  19  [ 17517, 14 ,  39 
, ,   9]
 0,    [ , 1746 , 
57  6 , 30 ]
, , 9[ 11 , 4165  ]
0 , 11 
 , 10, 68  ,  8  , [ 
0 5, 34   91124[,  ]
]
0 , 79, ,     3100,  
,   7 
,   23  ]
0  8[[,  826 0, ,    160
, 0,  [   ]
,  ,    10  5044 ,  70 , 0 
,     5 , ,  10 ,  [00, 7 10,  0  , ,  10, ,  9, 16   ,     , , 00    6  0 , , 1100]
615, 10 ,  , , 32,  , 22,   10
    [,    10, 21 0  8  ,  , 6, 9 4, 7    , 0, ,   ]
19250 ,     829, , ,   1007]

  22 5, , 52, 12 , [ 10  
 ,  , 024 ]
10, 9, [   29,  67 ,     6,  6
 10 8725 , 10, , 9[]
, 27, ,     ,   3447,      11 22,  
786825]
,  17]
]
, , [80,  34]
27 70 
 15 , 45
24 
 ,   
[8, [7[ 944,    [,   ]
13,   30  710, 33 ,  3, 1723,  56
8 ,  , 6914,  , ,   [ 26  , ,   824 1211  ,  33, 8, , , 613  ,  ]
   , 0,  281333111811 ,   
, , , , 41 , 011[    , 18,    ,  161515 , 5514 , 8 , , , 36 7 , , 12   , 14, 46  ,  17  ]
 ]
  8  5, 53116880, 0 ]

 
, ,  , , 730   29 [ 
, 012 [, [47 18 5, ,    45  , ,   , 11 27,  0 498 , 23,  6, 10 ,  ]
  ,  , 28]
0 817 15 ]
 , 48, 12
, 8 4614 
  , , 7 
49]
[   7[  , , [710 ]
14 0   
0, 28, 78 ,  13,  
 [ , 0  9,   [  41 12,  0, 0 6, 0,   , 9  ,  ,  ,   , 4   10 ]
  0 , 5 0 349 12 , ]
0, 
7, 0 , 7,  34,   [,  ,    74
   10 17 0, 0 [  , , 0  , , 0 90 57, 13  ,  ,  ]
2,   ,    869, 30 9    0
,   ,  , 706, 22]
  0 , , [ , 33 7   ,    
708,   460 18, ]
, [6 , , , 10 54  ,     307
,    53 16, ,   [06 0, ]
, 24    0, ,  47 
]
1007,   73  82, [, ,    , 137
  9 107 , 79, 2413, ,  , [,  ,  ,   0 6   17   , 52224,   53 , 7 ]
, ,  46, ]
  ,  29    ]
 727 5
14725049
, 10, , , [, , 
 , [        13[  72 868 19,    8, 0, ]
5,   , 5  , ,  3659 0836,    
]
 , ,  ,  512708  17[230 ]

, , 42,  , , 1935  , 16 11  [, 
23 16,  , 22   , ]
[0   12, 017 55,   0,  , 17
,   4,    ,   [4]
 15547 011 ,  34, , 17, ,  0,  
 ]
  0 ,  12 184836 [,  107, 
, ]
4   , ,   83 [ ,  0   411 
00 14, ,   , , 05,  , [    ,  0,   0   1413  ,  0, 0 0, , 913 0,  , 46, ,   ,  ,   ,    13 154  20 18 ]
8, , 0 ,  0, 50  ]
, 5 0,  , 
    7320,  1536  , [
, 10 ]
]
05   , 4638[31,  ,  13 , 

  7 0,    [ [,   026, 0 0   234, ]
 , 7 ,  , 71 ,   , 0 7 
1024 0 ,  [22, , ,     9,  ]
0,    9 23 37 , 101200, ,  19
]
]
 , , ,  10204958  [  10, 

, 024   , 105 , [[,  30 , ,      8]
11  24 01315 , 36, 36]
0, , , , 0 
 86,     , 14 
 59[ 23  711, , 0  , 8[ , ,  ,   10  ,  5  052836,    13, , , , , 0 0 ,       , 12,  072 257260  , 1112, , ,  , , 11,  , ,  33   ,       ]
19 84 7  5772, 8, 108, ]
0, 
 ,  ]
, 39 ,   60 33[
   0812, 
 ]
    , 0[,  7 [7506 ,  ]
54 ,  
, 29  51, 5    , 7[ 
0,   0 ,   , 0 [8, 20 02511 ,    ]
, , ,   , 9  59   0  150, 
778260, 26, ]
]
 , , [,   50, 39  
     
 848 20, 110[025]
0[ , , , ,    87, ,   19  2319
13  7, 15]
 , , ,  , 16 038  0 [  , , 
  , 10  100   00 [ , , , 715 , 0, 0   , ,  11,  ,  1125 19  23,  8,  , ,   ,    0,   0 001410, 10  22, , , ,  ]
 , 130]
  73  104020
 , 15,  
7, ,  [ , 0 ,   4 15  [, 14 3017, 0 , ,    , , ]
 0 76 31  6 ]
 1632 , 
, 0911340, ,   , , [
]
,  1552 66    16[, ]

1636,       5110, 
, 5780 0[]
  , [, , 8, 60  14   ]
 , 
40 0 4210 13 
 , 0[[, , 0 19,  , 0 ,  ,   , 1036   34    , , 15179, 0  0  , , , ,  ,  7018 12    0, ]
11, , 34  10,  88,  ,   09,   
  100, ]
 45120, 1035, ,  [40, ,  , ,     
  51   34110  ]
 140[8, 0, 7, 74, ,   , ,   , 
    97     20138 , [0  47, , 0,   6, ,   , , 81 0]
18,    13  , 41 , 011]
    
  , 35, 09430022 
[ , , [, , , 25,         ,     6  45011  137900]
, , , 8]
, , ]
,     77 61,  53  
  6

13 20000, ]
[]
11[, , ,  [ 5341 ,     23 
 
 01754310,  15[, , [, , ,    6,   ,    59 10   12   ]
0089, 206, 2500, 
,   ,  , , ,  ,  1610 [  33  0, ,    17, 3125,   7 8 , ,   , 14]
022,    0 , 41, ,  92017,   
   ]
,  , 912 16076 13 [ , 0, , 
, 9,   ,      ,  9 1432[  15 6 , ,  , 88]
 042,    7710 , 0, , 
3617, ,   ,   ,  [, 12 0   922611]
 ]
   0, , 54  , 37172190,  
0
 , , ,  77, , 13[  34 [,     ,  ,    10816138  93140, , ]
, 62 15]
, , ,   54
 0]
 , 7842   ,   [20 
 
 0 9 , 340[9, 0[10]
 , ,   , , ,   2254  16   2414,  
60, 08511,  022,  ]
[,  , , , , 16  91123 22    , 0 1810
]
,   15 , , 77,  090,   
 [14 , , ,     , 12   00364  [ ,  , , ]
13, 0431000  0  , 102, 
, , 23, 8[  ,    ,  ,   0106       09, , 0020 0 7, 3,  , , ]
 ,  ,  98, 146 38017 12 ,   , 
, ,  ]
  0617154  [6 4470]
, , 16,    6
, 57,  100[ ]
018, 
  ,  963, ,    0 15
,  [  0,  ,    [ 1301040,  029 6]
, , , 15420 , , ,  ,  43 ,  146  094 
  6]
  ]
,  23679, 0, 0[92 4 , 
 ,  , 
 0,    9  10 , 2412,  845]
]
 , [, 0 , 56  80  , 14 0
16 
12 32, , 0, [14, , , [  ,         11  11024 0610 , 0 10,   6,   8,  10,  14]
44
[ 12,  20,  20,   8,   8,  13,  19,  13]
46
[ 12,  20,  20,  10,   9,  14,  19,  14]
47
[ 15,  20,  23,   8,   8,  19,  25,  13]
49
[ 14,  19,  23,   9,   9,  20,  25,  12]
51
[ 13,  18,  23, 0,  , , , ]
, ,  ,  25  44  1934 10, 14 
26, , 18,  ,  0 ,  ,   21, [42 200  6]
  , 28, , 14]
45  
0  , 39 , 640, 10[
 17 , ]
 25,  16[, 58 64  , 0 , 
 18,  10  9, 13 , ]
1766[25,   , 0 
,     , ,  20240[34    , ,  , , 64015 015   ,   ]
, , ,   310052  72 6, , , 
2323]
19  ,  , 94, 1224,    
[ , , 280 10,  14  , 16 ,  1115  []
1725]
, 810, 100, 81, 57 , ,  ,   31
 
    19, 0  16[0, [0 ,  0, 32,    ,  ,   , 0 15 136  20 , 0, ,  , 0619  , 0 164, ]
2915,   , ,  ]
, 47 6  100 40 
20]
 00, 
20, 046, [,  ]
[ 
,     1967   [0  
,  0  0, 60 ,  0]
[164, , 256 59 , ,    13, , 
   136   00, 0[]
0963317, ,  ,  
 , ,  ]
17 28  11  53, , 033 0, 10
  , , ,  ,  0   ,  [ 50    , 32  , 009,  0  , ,  , 11,   512  ,  8  ,  189, 10,   0 , 4,  ,  , 8 ]
 , 2412   58  , , 18150 0
52,  ]
, , 16 , [25 83  21,   
,   , 529  5[0 , ,   16 , ,   1249,     19]
]
]
154251860, , 4748 
, ]

31, 41 
[
  [10,  24[  ]
[ 138  , 68 32, ,  0 
,    6[ , 0   4, 17  , 297,   8, ,  , 22 0,     , 13,  13, 118 21 33 , ]
, 20  , 15,  54, 014 ,    
, 35,    0 ,  [  8 0,   0, 5, 130 13,   , ,  , 15, 1131     , ,  , 6 2015 0  ,  8,  , ,  288 0,    ]
]
 ,   180840 59
 0, , , 13
8,    ,   , [[2519  6  ,  , 100,  12  ]
 ]
 0 12, 0114262]
6
,  , , 
69]
 [  
 50  4[23 
 [0]
 , 00 [50,  , 32  , 
0  ,  9[21 ,     ,  ,  0 00    , 033, 7, 170 , ,  ,  ]
,    40  055 36 , 010, 
 , 0  , , 0 22  [, 15 , 013,   , ,    , 17195  15  , 21,  , , 0 ,  , 6    627  ,  0550 , ,   , , 0,   8   ,  0 , 56, 34 6,  19  ,  27, 5   , 23, 13 , 60,   ]
12, ,   126324 ,  10]
15
]
 12 51]
, 886[]

1461 ,  
44, [
 1528
[ ,  [10,  [   6  ]
]
31 5303512 7110, 
, , 0 , 
,   , 34[  [24  ,  014  , 1527 , 13]
 41,  7, , 5624  , ,   18
, 0  3527,  , 5010[,  ,   18,  ,  0  , 38  17 , 015 , 153013, ,  ,  , , ,   021  23   ,  ,  16 , 9  0023,  ,  6, , ,   30 0  ,    , 49, 210 0, 0  , ,    ,  13,  0631 43, 18 ]
, ,  ]
 ]
 876521 94513, 18

12
, ]
,  ,  [72[  15 28 
 [ 14]
, 4390[, 62 ]
 , ,   
5233   42 
0,   6, [, ]
[0  0   56,   14,  32
5 0 ]
0,  , 54[, 58, 0  ,   
 , 2150     ,  , 33700[ 0, ,    , , 20,  2417 72  , 10,   , ,  12  , 0  0, 577 , 2340 , , , 13 ,  ,    13,  0 11 63,  30,  , 0,      , 120 , 08  , 390, ,  ,  21]
,    1010, 66 1370]
 13
,  , 467, ,   17
 , [  20,   54 []
01324 8]
 , 74,  , ]
3288
53 8  , 

  , 1014[0[ 33, , ,   27 [,    23, 0 24 12  , , 41, 18]
297   , ]
, ]
64 4022 60 590
, , 55
13
,   ,  [, 43 0 [[  ,  , 74 17  160 , , 121036, ,      , , , 0 71028   ,  , , , 3828 18 0   , 0, 22, , 5232  , ,    ,  ,  20   11420 , 0526]
, ,  ]
 ,  47,  67041 10
 
20 , , , 21[0,    [ ,  , 33 1082  0]
 25, 35,  75 , ,  ,  
05  , 15 52, ,  [    ]
 0  0608931 , 19]
, , 
, 0 55,     , 
 463322 , 0[11[, ]
  ,   ]
 350 65  16 62, ]
, 
800 
 , 61, ,   23[ 
[  0, 21   0,  [,  ,  8  9  600,   023,  ,   0, 0, ,   26 ,  59,  230,   , 13 , ,   0,     230 34,  00 14, , , ]
 , 8 , ,    68  0 1241 
23  , , , 0, 06 [   13, , ]
  48380 ,   23
]
 , 019 , 77[ 0,  ,  
 16 011,   0  , ]
5, [, 411256 ,    
, ,  16 2342[ ,  018, ,  24 ,     , 49 ]
001516, ,  1990]
, ,   6316, 
 53 ,   
 , 120   0[, 8, 1465[,  ,   , ]
 26      1166 00, , 3880
,  , ,  ]
, 96    [62   0 ,  
0 00,  14, 0, ,  [94 , 61,   14 , ,     ,     390 8 86138]
, 7, 0]
, 69]
,  78 
, 
 49  39 
280 53[, [[, , 0 ,      31,   57 2128,  0   , , 8, ,  90  ,  0 23, 37,   , 12 , ,   0  ,   46539, 0 56]
  , , , 16, 570   0,   
95, 24,  40 , [  ,  9  ]
 30  01647, 4, 910, , ,  , ,   
   18 2120 5418]
0]
 , , 6765, , 
[5  
  [ , 54121885   , , ]
[18, 0   , ,  63 24076   29
 ]
]
, 6 , 70079[ , 0
  
10,   , 29, [  5  ,    [0, 16  00 , ,  , 02748, ,      , ,  12  8   19, 000]
66 , ,  , ,  , 510    6
 16,  , 94]
[  0  , 58 00, 2626 , , 
  , 289, 86   [ , , ,    14    00 , 0276620, 0,  ]
, ,  , ,   66    0  260
 21,  0, , 8, 0 , [   22,  , 104 1414]
0 ,  ,  , ,  92 58   0  
]
012, 130080, ]
,  68[]
, 
   
72  
 33 0[ 0, 0[[, ,    8,    1774  , 39   , 04, , 18014,  ,   , , ]
 39   65 630  013, 
,  , 0 ]
,    34, 55052, [44   , 
,  4, 23   [15,  0, , 4218  37,   , ,  ,    031 206  29,  , 0]
0,  ,  , 60 ,   059 
 , 32  , 04818 [ , 0, , 62,   48  , ,   23,     127, 00 4526]
, ,  , ]
5567 ,  20 73
  ]
1948
, 028, [93, ,     ]

[ 2013 1869  , 0]
,  
92981 , 11, [
, 43 , [    , 28[12    42 , , 0,  0 0   , 24, 019, 22 ,   , , 0 ]
 29  111 , 669, 0 ,  24,  
, 105160 , 48 ,  , [  , , 4  ]
10   33 530]
0  ,  
61, , 
00 0 [[,  57, 30,     ,  ,     0 0  6  0, , 20,  0 0, 0 ]
 0, ,  , 68 33,  22 
 0 , 66, 17 ,  ,  , 2000  [  , ,  , 39     0  ]
 00 ]
 827508, 00

, , ,  , ,    33   1117[0  , , [15, , 7     ,  , 0 0, 82  0,  ]
13, 95  
0,  13,   8]
69
[  8,  [30 , 74 30, ,  93 , 12 , 85 , 17107, ,    590, ,   21 0,  , 12 ]
9270, 
115]
[96 
 0,   0,  [ 0100, ,     00, ,  141 8, , 159 ,  1000, ,     08, , 159 10, ]
14172]

98
[ 13,  31,  34,  21 ,  52210, ,    ,    00 13, , 0,    298110, , ]
,    18541577]

, , 73 
 [1453[ ]
,  20   677000
, , ,  ,  [ 75 ]
0,    , 7108214  
]
, ,    760  
0, 370 ,  , , 0  ,  [   [370130  , , ,  , 76 27,      21, 0   , 0,  60   , 38, , 2213, 0 ,  24128,    , , ,  04512 100  , ]
 , , 7 074   0, 
 , 7644,  6 ,  ,  , [ 62924  72 ]
, , 1031 , 62 8 ]
100, 
21, 5656,   ]
]

128[28 6884]
 , [0

77   , 
83211 [, , , 48    [1423,  , 19  , [ , 3752 010024 ]
1917, , , , , 72, 124   ,  
17   120 0, 110, 0[,  ,  , ,  15 25152 ,  1076,  ,  ,   , 014810  0,  , ]
0 , 7275100 0, 
 ,  ,  ,   [21 0 ,   , 0    130, 0016 , , ,  ]
,  148570  1496
,  13, , 0, 152]
  [,  ]
6380   0 
79]
0  , 
85, [00  , , 27 
 14  ,  , 0 0  0, ,  26,   0]
   [,  7080 0 
, ,  270,   , ,     [00   , ,  0200  27 11, , ]
, , 8  73   , 43
  0 , 0010,  [, , ]
 44  77  , 11 
8 , 17041,  [, , 12  ,  13   , 61]
 05229, 3159, , ,    , 
 64    [834, 00 , ,  , 17,   27,  21   , , 2452643  , , , ]
21  37 64, 2996
,  , 40]
   0[]
8728,   71 , 

290  , , 20[ ,  186  ]
47, [  78 , 0100190, 
, ,    , 31 [ 24 19,  ]
0,   74 , 0 23
148 , ]
0, 9 60[152 
, ,  0,  ,   100011[  , ,   0,    0,  0 ,  0 0,   ,   , 0 1520 0 , , , 0, 14  148, 27  ,  ]
,   890 130 
9, , , ]
    065   
, 000 , [27, ,   ,   17  17013, 22, , ,  ]
    72 16 0
0]
, 0,  8017,  
[,     [017 208, ,  ]
,  61 21 
, 16 63 []
0, 34 ,   75,  865 
,  , 6 39 , 38[,  31,     343815, 0, , ,  ,    38 2612,  41, ,  6  21,   , ,  0  0, 42  ,  0, 839,  ]
 ,  49672325 
, , , 29  [ ]
2912 8125]
]
10
6273, , 
 
 [20[   , [0   , 022 0 , ,  , 33   016  , 0, , 0,     , 2214   ]
 0, 00, 76 , ,  
    0  00, [0, ,   ,  20 21  ,  0 ,  08,  14, ,   ]
  0 68,  20 0
021, , ,  ,     812 [ ]
, 0 082  , 
,  0  8[, 20 ]
  10650,  
,  , 018 [ ,  ]
461512 74, ,  
,   0 4838,  [, ,  0    16, 42260, ,  , ,   15 2720 , 57, , 10 ,   , 22 25  0 , ]
49,  078 ,  , 
0 33 , 10, 35  , 3314[,  ,  ]
14  83262916]

, , ]
70  66[
45
  ,  0[[0  ,  , 4917   0, ,  38,   0 2341, ,  ,  ,  0  43 , 2632 0]
,  , , 750   
,  27  0, 0 ,  0 , 18, 10[  , ,  1247   , ,    00  0, , 037,  ,  10  ]
 , 2812 079,  , ,  
8   24]
8]
 84]
[71
670 

 , [0[  [,      8  00,  9 , , 0 , 24 ,   26, 0 29,  , ,  24   0 ,  28,  0, 012  , , , 13   ,   014 260, 16,  , , ,      0 02624, 17, ,  ]
 ,  1820 76 , ,  
0  014, 12, []
]
  85 681726

27, , ,   [ [ 32 67 8  ]
0]
, 0, 8172  , 

64  0, [ ,    0[39 ,   0 6, 42,  ,   0,   3836,  0 ,  50, ,  0  38, ,   , 8  0  , 609, 10 , ,    ,  0 5068 0, , , , 21    ,  42  438]
9 , , 0, 77   , 14 
 ]
 608725]

, 69, 
  [[69[   , 15 10, 8 ,   ]
5827 0, 73]
25,  
82,  28 
,  [21 0 , 23  , , 013 [ , , 18    , 012   , , 0 0  , 0 ,   0,  0  ,  , 260 0 , 15, ,  , 27  22 ,   ]
170088 ]

, ,  70  [
0   6, [0   , 0,  27 ,  0 ,  420,    0, ,  54,  0  ]
   , 79600 
,  , ,  0   ,  0[8 42,  ]
 0 , 755415,  
 , , 1028 ,   []
 079 83 , 010, 
 ,  , 15 7910,  [ 38, 20,  ]
  , 284190]
81 , 
7240, 111
 [, , 53  [ 2516 , , 9824,   , ,  30   2332, 550, ,  ,  ,  35   28056, 80,  , , 40,    ,  3429  81, , 025 ]
 , 1980, 14 , 
 ]
  70076 , 
, 0  , 4068[ , ]
29  84,  35 [0
38]
 ]
, 928073 

,   0[67[, [  ,   33    , 000 93, , , 38,   ,   133  0 43, 0, 0,  ,   , 73 52  0, ,  10 ,  310,   ,   ,  00   , , 00  , 0126, 25  , , 10, 50 107,  , 41]
   , 81047  ]

, 874  
]
02577, , 
 [ 36 [45]
41 94[, ,  
 100488 , [, 34,    ]
 6543 85, , 240 
 , 7638,  , 24, 147 ,  [, 4845  , 15312,  59,  ,  0100, 68 , , 124 , 14 79,  ,  ,  35 0 99, 59 ,  , ]
0153 750 , , 
, 76  147, 6018]
,  ,  [8358 61 
]
 , 12950 
]
,   78 0
0, , [ [   53 0, 75,    , 600 , 1010,  ,  77]
  , 45860 , 
88 , ,    056 , , 0  , 45  0,  [ , 010018 , ]
, 9176 
,     718[]
0 , 9621,  
, 142 1020, , ,  158 [99,   ,  10008 , , 30,  ,     0 22540, ]
,  , 80  158
 00, , [,  142   1963]
0, , 88,    
313353, , ]
  77 028
, ,  53 , 27[  , 26  ]
01897, 
,     [00 , , 26   , 026119, , ,   119 30, 0]
 , 8139 
, 21 , 66 ,   0 , 0[ ,   217929, ,   , 1639]
 ]
7845
98, 
 [52 , 17,  [ 47 51,  , 0  , 3550 , ,   0 25,  ,   0 29, 0, ,    53  , 00 , , 40 37]
 , 2682 , 26
 ]
 790[
,   26 [, 0   , 420 ]
,  100 0
 , 0,   [   0047, , ,   127  , 00132, , ,   17 29, 73,  ,    079 , , 0  17 , , 0  , 3429105]
, , 81  
6814]
]
101[
83 
34,  [59[,     59220, , ,     51730, , ,    38 650, ,  ,    0 29, 0,  ,  55 36, 47,  ,  51  ]
 0820
, ,   4347[,  , 106  ]
037103]
, 
 84 
0,   0[[, 100  ,   0 0 , 0,  ,  34153 , , 0147 , ,  1000 , ,    0 340, , ,   14790 ]
, 084153
, ]
105 
22[,   79 , 0 , 87 , 22 76, ,  11318, ]
 8555
,   [0 , 17 89, ,  12452]
, 85
 53,  26, [ 10031,  ,   0,  1450, , 155 , 40100, ,   25 ]
086, 
155, 145]
[87
  0,   0,   0,   0,  17,   0,  17,  14]
87
[ 15,  42,  41,  22,  24,   0,  31,  23]
88
[  0,   0,   0,   0,  15,   0,  15,  34]
90
[ 32,  51,  49,  47,  32,   0,  47,  49]
92
[  0,   0,   0,   0,  32,   0,  32,  58]
94
[ 61,  63,  66,  93,  49,   0,  81,  90]
95
[ 78,  73,  93, 127,  71,   0, 120, 107]
96
[100,   0, 129, 171, 100,   0, 171, 129]
98
[  5,   6,   7,   6,   4,   8,   8,   6]
1
[  6,   8,  10,   6,   5,  10,  11,   6]
2
[  7,   6,   9,   6,   4,  12,  12,   6]
3
[  6,   6,   8,   6,   4,  10,  10,   6]
4
[  6,   6,   8,  14,   8,  14,  10,  10]
6
[  6,  14,  16,  14,  12,  14,  14,  10]
7
[  6,  13,  17,  13,  12,  16,  16,   8]
8
[[  8,   16 ,  416, ,  16 ,   128,  , 14,   14 , 8 14, ]
9 
 8[ ,  5 ,   618, ,  19 ,   147,  , 14,   12 , 7 14, ,   10 ]
710
]
1[
  2, [ 11 ,   112,  , 13,   11 , 9  8, ,     79,  ,  8 ]
 117
, [   4 , 7  7, ,    5 , 5 15, ,    8 , 6  8, ,    4 , 5 12]
]
132

[ [ 5 ,   116,  , 10,   15 , 8 10, ,   10 , 6  8, ,   1210]
14, 
 [   54, ,  12 ,   127,  , 14 ,   116,  , 10,    119]
,  310]

15
[[   5 , 9 11, ,   1012,  , 15[ ,  1310 ,  ,  710 ,  ,     648, , ,    12 7]
 , 165 
 , 4[  ,  11 2 , , 2  , 1114 , 11 , , 11  , 11  , 139 ,  ]
 511]
4, 1 

 8[[,       497, ,  ,    48 ]
, 1017 
 , 4[ ,  11   5, 6,  ,      736, ,     , 66 , ,    15 4, 5 ,  ,  8  , 611 ]
102, , 
   [613 ,   , 512 ]
,  18 
 96[, ]
    572
, ,    114[, ,    11  , 38 , 13 , ,   7 11,  ,  8   8, 8,  ,    5  ]
783, 
 ,  8[ ]
 1019 
5, , [      435, ,   ,   5 6, 11,    ,  85 , , 10   14, 4,  ,    811 , 9 ]
,   8 67, 
 ,   4[ , 7  ]
10 5]

920
[,  [    4 85, ,  ,     78 , ,  9   9, 9,  ,  12 14 , , 7  ,    9 66, ,  ,  12  , 9 14,   9,  , 9  , 1012 ]
 21, 5
]
 612
[]
 [ 7 7 
, 6 , 13[ , 11  , 1410 , 11 , , 15  ,    9116, ,   , 14 7,   , 13  ,  8 912, , ]
 1022 , 
   6[9 ]
,  72 
,   152[,   ,  154 , , 13  1314, , ,    131413, ,   ,   8 8,   ,   99 ]
9, 8,   
  87]
, 23 
10[[,      4 7, 6]
 8 , 
5 , [14    7, 7,  ,  12 1310, , ,     138 , , 8   12, 8,   ,    8 7, 7[ ,  , 8  ]
 1324 ,  
 4614[, , ,        367 , ]
,  911  
6, 10,  ,  [1010  ]
,    9104 , 
, 6  1417, , , [     10158 , , , 8      , 869 , , , 14     10, 68, ]
 ,  118  
105, ]
, [25   
   9[6 3,  9, , ,       129 9, ]
8,  12  10
, , 9  [,   14 9 18, 4, ,   ,   18  9108, , , ,     12 10 , 68,  ]
,     129 8
8, , ,   [ 18  ]
 2976
 , ]
8[ 2  7
,  , [7   ,   103 824, , , ,       197147, ]
,  , 13 18
  , 8[  ,  158  ,  , 2 9  , , 8   ,  7  9711, , , ,      1815 8]
9, , 30,  
    16[77 , , ,     8   , 767 ]
]
, 20143 , 

  516[, ,  [    18 26,   , , 139  ,    510, 7]
,  , 14  14
11 , 7, [ ,   19 18  ]
6, 931,  
,     [6  8 7, , 9,   ,    6  824, 6,  , ,  10  17, 16 ,  5 ,  20, 5 ,  ,  20  146 , , ]
7  4,   
 86 [, 6 ]
 ,  1016 4, 11
,  ]
 2215 ]

[632
,  [   [ 6 9 9, 15, ,  ,   10 1210, 24,  , ,    13 623, 15,  ,   ,   8148 , , , 10    11 , 6, 6 ,  ,   17 128 , , 8, ]
  225 , 14
18 , 19[ , ]
 1033  ]

31816, 
 , [10[  ,  19  10,  8,  9 22]
12, , ,   18 102514, 
 , ,   8 22[ , , 8   ,  1014 6 , , , 6   , 29 14 6, 14, ,  ,   29  2016, 8,  , ]
 236 10]

]
 3417[
8
  , 4[[ ,    22 , 10[  9, 726 , ,  , 18    , 32 3, 19 9 , 2030, ,  , ,       9224, 1020, ,  , ,    10   7, 393 ,  , , 7 15  10]
, 37 , 619 ,  , 
19   27, [ 9 ]
, 11 335 ]
 
 , 2086 
]
[ , 7 4[
 28,  [ 15,     8,  314 , 3, , 17 ,    22 , 26610,  , ]
,    4 26536
 , , 9, [   178,  54, ,   ,      43106137, , , ,   ,   30  15 ]
89, 1136, ,  
22 ,   ,   6 9[16 , ,  7 ,  25]
   , 7216  , 
, 277  , [ ]
   582042 , ]

, 8 8, 
  [ 338[23 , ,   ,    725  4, 259, ,  , ,    54  , 810   , 7, 851 ,  ]
,   135 812
24, , , ]
  [ 37 10 12
4 , , 8,   , 20[    ,  217  5, 5,   , , 8 ]
24   22,  118
 7, , 41,   [,  14   711,  42,  ,  7,    ,  [ 58 315]
 12]
, , 21 ,  9 
4 58
1514, [, , , [       49  11 7, 66, ,   47,   , , 24  10,  ]
 12]
  389, 7107
 , 
, , 15   10,  5[[,   11,    24  10, 6 , ]
8, 5  24,  , 46 
,  7   11[8 ,  62, 8,   ,   ,  13744   , , ,  86   9, 111041, ,  ,  ,  ,     4 8 1313]
 , 8, 02,  ,  , 
     81413661[]
,  10, , ,   
  14 4 28,  [6, ]
  105 , 39 ]
 ]
 
2991222
, , , 
 [  [11 14   , , 9 0 , [ 5 ,   5,   6 ,    ]
9 180277 , , 
, 6,   [ , 19  ,    9   1006 , 9, , 8 ,  , 12 ,    ,   0 8 1010, , 910 , , ,   ,    246  , 13 , 14  , 74,    ]
,  60 4  8, , 
 3]
  5, [2410   , , 
6    10]
10[3115]
,  
, 40,    
[6  11 , 119[  , ,  , 214  10  , , 14 9,   12, 8, ,    ]
   55 521223, , [3, , ]
 
29   53 
   , 6[5 9 [,  , 414,     , ,    8  6  96, 10, 298 , , ,   , , 11   6   10,  8,   0,  , 513 9,  ,    , ,    3468  124, , ,  ]
  ]
  911 1355 
, , 7]

4  [41, , [   
   5 5   [26, , 75 , , ]
   ,   12 01113  
, 4,  9,  [ , 8, 13     ,  , 14 012 8 4, , ,  , 7,      ]
 9  0 12 1, 6, 7, 7
 , 10  , ]
 ,    [4]
 6,  3110, 
  [625,     
58, ,  [  06  , 9  , ,  6  8 12]
, 9, 13,   
    [  39 06,  , , ,  2    ,   1359 8  , , , , 9    10, 5   ]
 6, 9343 ]
 , 
9,  12 , 6
 12 , [  , [  95   14, ,   7,   23  11, , 53]
8  , , 33,     
  855714 [6 ]
2, , ,   , 7 ,     
23 5  9,   , 63[, , 339 ]
   27,  ,     
9956  , , ]
[,  0  14  9 ,  
12 6,  , 8, [842   ,  , ,    13   6 7 3, 19, 9 , 7,  ]
 , 44    , 4
  65 , [ 7, , [  4,      9 ,     6 , 7 603]
5,  10, ,   13, ,   ,  7
     9010 ,  [8, , , 6 5 ,     , 0   ,   12, 4 4 116]
 534, ,  , ,  ]

  6 [ 02 , 12 ,   6
 68,   , 149]
, [   , 8 ,  7 12 
   6,  , 0613[3,    , , ,   ,    5  102 12 814, , ,  6, ]
,    5]
  28  1115,    
76
, 74 , , [ []
, 6   11  45, 
   ,    685[,  3  7, ,   5, 7,   ,   7  , ,     6   7 511]
9, 7335, 1,  , , , ,  
       3048[]
1212  , 7,  148, ,  ,     
,     37 9[11[ 7,  , ,  ]
 6,  9   535,   16,   , 
  8,  4 6 4  , [10, 5]
 , 7  , 10]
 9 0 ,   , 3
3, 7 1110 
,  [,  , 138,  18[ ,   , ,       10   512 61248, 137, , , ]
,  ,  , 8,    46   ,     
     1059789[66, , , , ]
 , ]
,      2916 10     0

 , 3555, [7 [, , ,   ,    ,       8411    890]
,  , 95, 15, ,  9 ,  , 
   , 14     8[ 4, 11 07,   ,  7, ,  ,  6 11]
    3 , ]
 28 144,  036
, 4 , ,  , 
 ]
11[  5 102[,     , 
,   4 [75  10 12, 3 , ,  , 75,   ,    ,  124 ,     155 ]
,  0 8, 9, 12 8 ,   ,  , 
15 , 13 97  5,  [, ]
,   ,      479 7  ,  16
,  , 99 4, , 7    [,  ]
  ,   88 47 15 8, 7 ]
,  
 4 , 14]
177 [59,  , ,  
31,  ,    6
[  5 10  ,  12 [,  67,   , 4  ]
, 3 5 17,  ,   716, 10 , 15  16
, 10,   , 6, [  ,   8 ,       5, 12 , 27 98  ]
 , , 9 , 9, 37    8, ,  
714   , ,   ]
13[779  103,   , ,  , ,  
1211 ]
 4  3,  [13]
    , 257 , 
, 5708   
 , , ,  [727  [  5 , , 118   611,   ,  , 9, ,     3  ,  1399 ,     15, , 8,  ]
76 ,   9 48]
, 7 1610, 12
,  5, 16 , ,  [ 
 10,   8   ,   16[]
 63  9,  180 , ,   5]
7,  , 
5  , 33 24  [5,  ,   
 , 0   6 11[6 [ , 66, , , 125  , ]
    ]
 ,   171113 , 100 38  9
, 4, , 11
 6 ,  [ , , 8, 17    [  ,  , 0  9      , 74,  9 8]
711 , ,  99, 4]
 ,    , ,  
 145  76[10,   4
]
,   ,  9 1610, , 6[    , ,  
  0 96   11[, 711,  , 213,   , 7 ,  ,   ,   , 5 10  117   , 9,   , , 68 , 10 ,  6  , 4 , 10  1210,    , ]
126, ,    9 50, , 
  9916,       ]
[, 6,  7 989  
 165, , , ,  10814[, ,     , ]
 ,        19  21510 68919
4, , , ]
4, , , ,  [14  34 ,     ,    
  1911  683513, [2, 15]
]
]
,  , ,    , 4018 
152  [1513 
,  , 11
9 12, 8  [ ,  7 11]
,  [, 12 ]
11415, 
   ,  5, ,  7[ 11  
 6 12 ,  9 ,  [9 , ,  100, 9 , 14    , , 15 ,  118,    1017,  7, ,  137]
,    ,    , 77 ,  9  , 9  
15,  89 , 913]
 [ ,  ,  , , 51  7 6 11  
 6 ,  , , 10 9, 86 [  9, ,   , ,     14,       69 50, 512, 7, 1016, ,  ]
,   ,  , , 16    713
     12, 06, , [310618,  ,  ,   ]
, ,   10   10 20 14 8, 011]
3
 , , [  ]
, , 416    7 35 
10]
12 719 , 
11, ]
5[, 0
 ,  16[,   ,    [
  1013 89    [, , 10, , 96 9   ,   ]
, 311, 1814   6 , ,   , ,  87
  1311  0, ]
7 , , [2011 , ,  39  ]
,    97 
14, 108 10, , 14 , 
, [ ,  [ 10 ,   6  14    5,   , ]
6 7117, , ,  61353 , ,     , 
, 8    10  9  [, 698, 510, ,    17, , ,  ,   913,   ,     13,   11  5  8, 217, 17198, , 9 , , ]
 , ,    16 ,  8     16 , 24
6  388 , , , [ 79, ]
11,   27 11]
,  21]
   , ]
 4213 
17 331737
,  
8, [, , 
 5[,  [   14 , 15  ,    5  ,  10 8[7, 06   , 16, ,  , ]
  8 ,   12 207711 , 12 27, 
]
 , ,  8 , ,  97 [ , 19  1316]

11 9 24, , 9,  ,  [ ]
,  
3  247 5510 [,  11, ,  
,     8,  6 11[ 8  ,    ,  7, 8]
 69   ,   , 64, , 8 0 14 ,  
 , 76,   7 , 10 [, ,  13, 7,  15  ,   , 0 ,  17     , 10 11, 8751713 ,  ,  , , , ,  ,  7  21   , 0   7,    87,   13 ,  87,  , 7]
7  ]
 ,   ]
18 ]
522039   
436]

, 
 34
, [9 [9 [, ,    
17[ ,    115 , , [ 3   , 8   ,  ,  88   , 8  8 9 , 0 ]
, 7 11, , 7,   21 7,    ,  168
17, ,  138  , , 5 [ 12,  ,   10 ,  ,  8  , 20]
 85  15 114 10, ]
, 139, , ]
 
 8 ,  ,   56912[
 9   
,  ,  [, [7128  9    ,  , , 7,   12  837  ,  6 , , ,    ,   , 9  7146 ,  8 11]
17, 5, , 6  , 38,   
 13 , 7 , 12 13, [19  ,  7, ,    9, 36 ,    125 ,  ,  8 15813]
, 8   , , , , 19  ,  9    
1068 ]
    , ]
[,  740877 , 23  7, 
]
]
  
 19 , 45104
10[]
8, [ 
 , 22,      4 
[ 99 [  ,   [0, ,  469  ,  ,    , , 109  ,   8    , 3 217,  5718 , 10, ,  8, , , 14,     ,    , 11  108  11  , 3]
20, 9  ]
815 57, , , 812 11]
12, 
  ,  , 
9,  11[ 124 
  14 , 10[,   , 4  , ,   [ 129,  0  10 8,  ,  13,  8 , ,  4   7, , 7  ,  9  ,   15, 13 8, 70  12,  , 13, , ]
,      ,    8681571212  16, 15
, , , ]
, 0 ,  ,    [20 , 9   13 
   [, 7  ]
6946 8 6  , 5, 
]
0,   ,  ]
  , 41 9 6, [  12  
 ]
 85 
65723 ]
, [, 12, [
, 724    ,   [
    0  49[24, 6 8, ,  ,  4, ,     ,   101246  13, , ,  , 8 ,   8 , 10   22,  99, 17]
 12]
,  59 , , 12  
8 
 11810, [[, ]
11 ,    1010 17  
,  , 99 7[ ,  , ,  45 7   ,  , ,  716 8,  11 8, , ,  40,  ,   8,    15 10  , 715 , , 923 , , 6  ,  ,   10 ,  7  168,  23]
,  ,  813 ,  6   , 
  7,  6 8   7[0]
5,   ]
]
 , 2473 , 2542  
, 

 9, 29  [2,  [[11,   ,      , 7   4  28 38, 8 9, ]
12, , ,  9,  60,     ,  10
101213 317 , , , ,  [,     ,  9 12 10 9  ]
 , 16, 94,  130 ,  , ,  
812,     11[, 15 , 108   ]
 , ,  ]
4  0   21 117, 8, 11 24
7, 
,  ,  , 8 ,  15[  [ , 16  ,  0   13 6,  017,    7, ,  8, ,  67  14, ]
   , 14,  , 5 12 70 ,   ,  17, 5
,     7 , 12]
 6157 [,  ]
1517
, ]
6,  21 27,  43[,    , 
   
  68  48[  [17, , 0]
 , 82 ]
11 ,  25 ,  , 47,   
 0   
 177[, 7  724,  ,  77, [, ,      , ,     115420    23 , , ]
, 41377, 2  1062,  , , ,  , 28, 
  0   16  ,    , 7  10[9,    77 , , 5, ]
 38, 31, 0   1414,   , ,   10
,  , 12   6 4,  55[  ,  58148 15, ,   ]
, , , 17,   6  127  ,   51,   
, 81117 190, 12 [, ]
 , 17, ,  ,    227 
,   55 6 19, 8 17 [10, , ,   ]
 , 8,      5449,   34 2657]

 ,  10, , , 16,   8,    
[4 10 ]
 1312 ]
[ ,  08]
]
1228 9
 7, 
2748,    , , [ 

7[526   51,   , , [  [,  7    36   , 307 12,  , 599 , 4,  , 5]
 63  ,  , 17 , 
 811 14 , 29 7, 10, ,   13,  [, ,   918,  11  16  , ,   27]
55 , 15 5 1211, , 5,  
218 , ,   17,  ,  5[ , 11   , 35  ,  ,  77 , 274   4 ]
, 16 , 10,  , 5 13 48,  ,  913
,  ,  13  , ,  [6 15]
 9    89, , 450 , 153 ,   
 8, 21 , 7 , , 4113,  11[,    ,  12]
,    7    , 2316 19, 9 7 9 
, 7, ]
 , 490,  ,  ]
 9[ 
 4 101733,  , 10  31]
75]

[ 10, 8, 29, 28  9[,   ,  
 
15,  19  1176[ ,  [, 7 ]
 5, 127   ]
64 , , ,  34 17
0  9 112, , ,     
, ,  [ 29359 , , 19 [  , 0]
11  , 101158  , 16,   , , ,  20 
 , 926[ ,    6 11 ,  177 80 0, ,    , , 10, , 6 23 8   ,  9]
,  , 15 90  , 46 
  7115, , 0 713[, ,  ,    22, ]
 , 13  929 , 1314, ,    3910, ,   
 137, ,    3 256 [9,   62 , 38, ]
, , ,  11, 13   51  6 ,   ]
17 
 7,   0, 24[77,   , 0,  
 ,   138 , ,  2111 5]
,     , [ 18, 6 14963  
4 ]
37, , , 1711 [, 29,    , 5 , 
   82   ,  [9 34]
228658   ]
8, ]
, 
,    717 30,  1997
, 17
11 ]
, , [ [, [ , 10 47       , 
8   8[ 2013 49, , 0 2, , , 15, ,   13,    ,     ,    13   968  079, 197, , 34]
, ,  , 23, ,   ,  10   ,   13   
    7317, 093196, , , ,  ,  [, ]
,      6    52 18 14,  0 12  
9, 39, , , 87]
 , ,    [, 18, 15  58171413  , 
  , , ,    ,  4[   692015 ,  12 70 , , , ,   ]
8,  ,     7]
25 1427  230, 1958
]
, 9  , ,  
, 32]
[826   ,  
20[ 21 , 55 28
15 [ ]
 , , ]
 ,  [848   669   16 
, 9  
, 68, , ,  36 , [    ]
13[31, 7 13 1313,  
 10, ,  , ,  42 [,    519 , , 5  16  , 19144  , , 329 , 5 ,  , 0 ,  , ,  130117  , 2  ,  30,   ,  7 13,  7 100, 56,    9, ,  , ,  169 ,      , , 8  7 72   17, 0, , 2 , 9 18 ,  14 15, 9]
 ,  20,  ,  6]
11  , 13 0  , 530
 , 17 , 7 
,   , 7[  ,  521 ]
866 [   ]
,  16, , 28  21 8
  , , 
10177]
70, 14[   ]
[21]
, ]
  234911 
6735  0
,  , 

5[11, 7 [ ,   11[ ]
, 2313 [ ,    26,   , 7  215
, 7  , [  267,  0, 15 11 ,  , ,   16,  ,    7 4, 6  7251416]
, ,  ,  16, , 33,  11  , 0,  ,  
15      16 , [15 7710, 6  ,   , , ,  30,  124   19, , 15 , ,  12   , , 12  4,  4  0  10, ,  6 15, , 815,  14, 14,   , ]
  ,   42, 13 6 5410 1320,  , ,  
, 10, , 8   8 ]
   ,  [ 12]
2217170 6 5, 
12, ]
,  [, 15 , 
 50 6  12,   
42, [  ]
 3 ,  9[ 836]
298116 ,   ]

23, 5]
 , 14179
[,  6916 , 
 ,  [ 
26,    [  0 , 5319[ ,   21,  , , 19100 7 , 7   7, ,  ,   14 27, 22,   010157]
, ,    , , , ,  27  105158   1915
5, 11, ,  17, , ,   , 142[6 ,   1016 , ]
  16  , , 1810034 7, 622  , 
, 8 , ,  11 ,   [ ,  5,    21   0 ,  ,  1140,  2376  , ,  , 0]
, , , 214142    56  , , , 8 ]
 14 
  158 92330, 923]
 14
[, , , ]
, 7114,     51 [
 20, 1017 
13 14]
 , 0,  , , 37[  , 8   
  8 , [ 42  9 ]
  4, 07, 0161313]
 ,  , , , , 25
35      
8[]
 ,  20102218, 0 [4 , , 
 ,    ,  2219 [ 7    ,  4, 5,  09 ,   , 0 , 6,  , 1220    ,   , 11,   78  14, 04  , , 11,  ]
, 914   ,   28, 14,  013,    , 
12 ,  8, 118   [ ]
 , 25, 0 51936 17
,  ,  , , 12, 9 [  14   , , 29 7,   18   ]
 87, 5]
 2238 57, , ]
 7]

9 
 24 , 5310 [, 10
4
 ,  ,  , [9 17[  11[ , 10, , 13 10  25  ,   , ,  70, , 10 20  9  , , 12 , 1033 ,  , 4  ]
 7, ,    3621  726 , 9 , , 4
,  0]
    1219, , [39818,  
    , ]
, 0   [  160145, 11425 , , 
,  , ,   , 6   11[ 23 , 1116 ,  ,   ,  5 ,  00  14, 1312,  ]
, , 247 ,  14, 37 12  16, ,  
3921]
17, [29  5 , ]
,   
 , 15 739  11 , 36[
8,  ,   ]
 ,  07  55[   20, 4, 
   98, ]
 19,  9,  [2517, 8 , 23  
 , ,   11,  11016[  9,  , ,  , 1122 18,  14,    , ]
19 ,  410  , 5915  , 0 , ,  
,  5 74 26   ]
, ]
 [,  7 20280   0, 9

, , 131128 ,  [ 22, [ , ,    ,  9    0 31 ,  101554157, ,  ]
, , , ,   ,   38  25 263 
1547 , 11, , [10,  9, ,       , ]
25  12 140 ]
154450, , , , 1140
, ,       
,     25[329 70, , , 7[,  , 12    ,      ]
 21  249980, 300 ]
, , ,  , 
656  ,   18
, [   3   0, 10 []
7 749 , , 1027, 28, 23,   
 , ,  , 11 1210[    , 3039, , 66   9 , ]
 ,   9  ,  60 68016, 962 
, ]
, , ]
 ,   29  21  405 , [
1137
97 ,  , , [, 37,  [     ,     031     36, 9, 7 89]
 , 39,  , 0, 27 , 
   ,  ]
0 1113  14[49, 41 
, 5, ,  ,   4 ,  [   146, , 16   4412,   , 3240]
 10, 12 , , 5725, ,    ,  
,    7  18  8 , 7725, [12,  0, ]
,      7,  ,  1626011,     
, , , 8 9 1228  [, 1413, ]
 34 ,   ,  , 03114, ,    17  
,   7, 11 ]
6018 [  0]
28, , ,   0, 23
  8  , 
 45[]
9 28   , [31, 517, 0   
 , , 6,  37   [ ,  246 , 7   28, 9]
]
   , 5 , 40612999]
 19,  

 , , 43  ,  [  
7 6190 13 [, , , [ ,  ,  9    02128 ,    27, 16, ,  937  , ,   , , 31 , 26 7]
  0,    , 58 
1171,   5 2, , 42 8 , [ , ,   5,     26  31068,  9 6,   , , ,  ,  , 7 9 8,   69 26 , ,  391413, , 0   ,  , ,   , 458 69  17 9 , ]
9, 40,   , ,  17  9, 6 45 39 
]
,   , 7, 1124 8 []
  
23 ]
]
0 41320]
29[32 , , 
, 44
 6
  
  [[[,   5266   0 [,   , ,   ,   89  8719 42, 14 , , , 54,  ]
4,    , 10 62 ]
1748  , , 13 16
41, 939 14, , 
 ]
55, [,  19[ 59,     ,  
10 81312   32, , [,  6, 0,     ,   5,    9  34  , 9013, , 816,  0,  , 11 ,   , 17 , ,  8  ,    14 14,   0110, ,    , 816, , ,  01147 ,     ,  , ,      8 9 0725 ]
917, , , ]
 45 8]
11,  ,  250 
33   ]
 
, 18
 880[ [7
, [,  , 27 ]
    [  ,  30 2600 514 6
 , , , , ]
4,   [   1033 ,  0  13, 
 180 0,  , 10, , , [136  ]
  42  , , 16272026
     , , , , 0[5 915  ,   20, ,  , 22  12]
 7  015]
 , 6013, 11, , 063 
,     , 13
,   18[0 ,  9  19,  , 5[, 1121,  13 ,   ,  ,  ,   11  200  916 0, 63, , 11, 6 , ,   ,  , , 63 14  ,   11  19, 12 062912, ,   , ]
, ,  ,  56534     ]
12
, 31  414727, ,  [, 6]

 ]
  3115 46,  [19 , 36
,  4 
8,  [  ]
 ,  [380  531   14 , , 6
0, 4,    ]
,  [,    7  3411  186, 460
, 404,  , , ,   , , 14[   12 10  , 4032 49,  ,   , ]
6 , 89   6111]
 , 7,  136
, 4529 ,  , ,  13
11]
  17[ , , [ 21,  , 6412 8     
  , ,  1518050 9,  , , ,  [, , 11     9 23,  15  11 , ,   6 , 9015 , 130,  ]
,  ,  ,   18, 35 6    14, 
 ]
 0 98 , 475,  [015, , 
]
    [, ,  29 09   10 
14 , 6]
 12, [,  00, 20 ,  21 , ,   
4 ,  15 17 8, ]
  [ ,   33  , 00 21
0 100, 14]
, , [,   , ,  35   186 ,    
112021 014, 8, , 12, ]
, ,  ,   16[46    1350
,    [01011]
, ,   0 , , 63,   186  
  , 15 13, 0 8[ , 20, 4 , , ,  18  , 12   4618,     , 11, , 7 0020 ,   , 20, , ]
 1277  ,    13677 , ,  4 , ]

6  10, 130 367311,  , , , 
 , ]
  [    3112[80 126715
,  ]
, ,  30, ,   49[ 7  , ,  14
 9 47  , 9, [121015,  64  ]
, ,  21 ,  , 8     0
8]
022 1616, , 34, ,  , 74[
    ,  , 9134268 [20 , ,  , ,   ,     50  571  842119, ]
128, , ]
, , 64 , ]
   3612 
4747 131311, 
, 
11 , , [, ,  14[[     23,   161114 11 ,   , , , 0 , 0 7  , 5  , ,   16111121,  ]
,  016,  ,  37 67,     0, 
1115, 527, 22,  ]
[ , , ,   19 3240    130
 , ]
1213116, ,  []
6850, ,  ,  12 

   16 1410, 130, 16[, , [ ,   , ,    10      26 46 7, ]
1800, 7, 036  ,  ,  , ]

 , 1824  12 022[17 , , ,  ,  
0,     0 ,  12 1012[46209, , ,  ]
,  ,  ,   048    5613
13,  011128]
, ,  [, , ]
66,     15  
3711 0 14,  
, 12, 0,  0 [ 9  ]
, , [ , 18  38   74  , 87
016, 1430 , , 15,  [, , ,  ]
 80       33,   122060 
 08, , , , 098, ,  , ,   [  14 120 , 10  2613 , 0  , 30, ,  8, 72816 ,  ,  ,  , ,  1719  16,   25 , 3010 7,   , 0 ]
11]
,  8 , 5217,  71]
1423118
  , 37
, [, 11, 0
 , 102  , 11   13]
[ , [26 9, 67 ]
19 7 ,  
 1343, 23, 45  9, ,  
,  28,   208 [[46,   ]
119, 69, 100,    50,  ,  16,  
14  21 , ,  6147]
, [  84 ]
,  4013 270, 39  
1117]
, ,  5
, 75, 34[ 128,  [
,  ,    22 17221[0  14, 10,  , , 557 , 10025, 14  ,  , , ,  , 3511 16    35, 13 , 0, 18 24,  0, , ,  ,  ,  18  1617218 , 16 13]
35, , 8712822, ]
53,  ,   , , 69 
   167 
 01519[]
, 1460, ,  39,  ,  ]
  
12 23 [0721811, , 20 , 
, ,    1815 ,   159, ]
  ,  , 510 [20 7
 , 18 20, 11]
 , , [ ,   024    0281419, 
,  14, , ]
 350]
  [  
, 400 20   
[90,  ]
  , , [19  041 613  ,  , 
, , 11 70   28, [ , 14,   , 0 0 15, ,    , 24 31,  8  ,  ,  1613, 0 016 , 12,  , , 27 ,  ,  33,     45 12611, 16 12, , ]
,  , 9,  54   31]
  
16 11040240, , [, 
, ,     ,   [20 1117325 13 , , , , , 45 , 10    18, 24,  28 ]
2037,   14, 8
56,  11 ]
, ]
 [1429, 52 7412]
  , 
,  
411715  [9
 , , 20 ]
8  [ , , 262513 [6  ,  
, ,  816 7316  , 31, [,  ]
24  , ,  9 42,  24  82 26
 419,  0, , , 8  , , 10 [ 28,   , 9918 , 19  1311, , 14 ,  15, , , 11811 14,    ]
23,   , 241541,   7 , 
,  0]
7217 32 [, 55, 11, 22,  ,  
   1219,   [ 13, , 0 110,  ]
  20 , ,  17811738, , 
 0 ]
 ,  23, [53112310114,   
, , ]
 , 1017   [75]
 , 4201217 
18 
, , 20 , ,  0  ,   [, 14   02025 , ,  7[,  ,  0  ]
 0100 , 25221026, 0, , ]
,   
,   44 [   25  0
0  , 9 0, , 5 , [7 ,   13,   24,  128]
 019, 0 42 , , ,  , 11
0172  29 , ,  , [,  42 6 0 100 ,  12, 1411, ,  5]
 ,   , 33, 39  ,     
008 2813 , , , 26[8, ,    ]
172,     155731,  6 0
, , 128209, ,   []
,   77 , 1826   
16 , ,  48, 9 13 ]
,  , 291954,  24 , 
,   30  , 216[1210, ,  ,  ]
 ,    314326 126
, , 11, ,   [ 14]
 1534 16, 2027]
 ]
 , , 43 
71845 
14, 
, 28, [   [,  20  8 [ 0,  , 1214 ,   ,  925]
19  2340, 8, , , 28
 ,  42 ,   13[,  1020 28 ]
 , 140, , 5839 , , 11 
,    20,  211710, [26   , , ,  18,    0  , 02510, 20 16, , , ]
 19  ,   55, 2813014
  , , [,  , 2312   12 , 3611,    , , ]
00 19  44, , ]
22 1134 
]
44,   , 46
 00[
26 , ,  , [13  [   014,    12, ]
34, 0   94117 , , 0
, ]
30  , [ 28, 30    
0 ,  173000,  [, , ,  36 ,     , 2025   6 , ,  7249,  0 19, , ,  32  , ,    , 0 13 81922 , ,  , ]
137  ,  5924, 
,  45 ,   21614, [   , ,  ,  01948    ]
, 472814, 45,  ]
, 
   , 5633 721
[ ]
34, ,  4714[,   
1222,     , 148  , 5[]
]
1111  , 4246, , 3127

  , ,  1315 [ [, 15, 42 29   , , 1711  , 41 14, ,  13, 0 21 , ]
 , 2023 ,  2629, , 17   ,  , 
23730 19 , , 10, 20,  , ]
  [ 18  601717, 328 
, ,   ,  , 121515[ 22 , , ,  40 ,      , 030  21021, , 034]
 , ,  ]
,  4610 3348 
19,  
22,  0 , [,   , 16[  15817 ]
 15]
,  43 34]
, 570
36, 47
,  , 
  [[   012  [2720,  0 , 48 , ,  ,   ,  00 25,  1526,   24,  7 ,  ,  , 35,  00  , 19 , , 19 17 ,   13, , 0   ,  0,  13045 ,  19, , , 14    ]
 ,   7185431 00, , , 34
, ,    ,    313311]
6 [ ]
47]
, 
40 5 4961 
, , 
11[0  [ 14, ,   22[]
  0  , 4411198, 
30 , , ,  36 ,  [  10,  19 5  ]
0, 29 , 233448, 17 , , ,  
,   6 19  , 18]
26[11 1659, , , 12  
,   , 10151033  , , 17 [, ,    23,  0 27 , ,  0  2032, 8 , 15, ,   , 0   27,  , 131527, 15  , , ,  ]
  22 15 3648013, , 17
]
, ,  ,  62  
  1617[39013 , []
]
, , 27  50  , 32  
2211 
00]
36, [, 45,  , [
      25390 [21 , , ,  0  , 8 1823, 16  ,  , , 150,   , ]
  15 0 49281127, , 31
]
,   , , 3360    [, 
1225035  , ,  , , 42   0  ,  1530, 9 8,  , 27,  ,   ]
 21 0414916,  , 
,  0 , 41 44[, ,   ,    110 27 4015, , , 8, ]
   ,  5136 17 27
, 0 ]
,  6, 46[39]
  
 63, 1510 
 ]
, 920[33 [, ,  
    29  016[70, , , ,  ,     11 28342010[ , , , , , 9     , 41 24421910,  ,   , , ]
  80 ,  2852]
2610 , , 19
50,    
,  0 11, 0, [19,  [   ,   18   150 51, 280, , 0,  , , 27   ,   14, 52, 1334  ,  ,  ,  0 32 11 ]
0, 3825, ]
1164 , ,   47
 ,  2522 
0[ , , 14 8]
 [,  16, 52   27 21, 
021,   , , [ ]
037   2835, ,   13, 
  00,  , 43 ,  39[ , 8  , , 31   00  , 29 , , 32  ]
751  ,  8020
17,  ]
, ]
 , 22 , 63 53[ 28 
7
  50, , 288, [  , [,    23    48 012,  06, , ,   0, ,    16 , 40 2820716,  , ]
, , ,    1648   , 026
22 20 , , 6 , , [   19]
  107 , 3065020]
 , 
, , 5339,   [
 ,      13[44014016 , , , ,  , ,     6  313817 , 1527]
, ]
 520,   , 
37 , 038 17
 [,  , , 22   0  19, 19[236, , ,  ,   ,   16  15  ]
59108 , 064, , 4,  
 ,   ,    52 208[019 , ]
, , ,  0 54   
 , 311312160 ]
, , [, ,  49    0
  29 12, 016 ]
0, ,  , [66 ,  0
   38 , 02312  , ,  , [0,   0  ,  2334  , ]
0  , 0 54, 29  , 
 916, 0  [, ,  230,   ]
 26,   531119, 8 
12,  , 30, , 33[,       ,  25 170   0, ]
, , 1800 38  ,  , 23, 10
 0 ,  ,  ,  12  [00 , 2024 , 31, , ]
   , 28   55 13,  56
12, 0 ]
, ,  36, [ ]
6523   67 
,  20
0  9[]
, 140, [ 51,     , 
 413117815 , , [, ]
,     55 27044 45
14, 29, , , ,   [,    32   15 13, 1727]
00,  , 54 , , , 49 
    , 7 6811[0 , 25 ,  , , ,  0     1510953, , ,  25 , ,   12, 0   13,  ,  38030]
, ,   0,   , 1939  43 59, 
018 ,  , 9, [ 29,  ,   44, 67  12 ]
,  206813, 8]
 26
,  , 6661,  12
 ]
  []
17520[27 58, 
, ]
 38
  56 ,  
11[ 00[31 , ,  , 38, [ 18  ,    , 43 17360   , , , , 3600    , , 63 10,    , 0, 380 42 ,  ]
,   34, 56  0, 53 42
7,  30, , ,     [, 039    ,  , 0  28027 , 28, 597, ,  ,  ,  ,         490851019, 0, , ]
 , ]
  , 416955  37 

,  0, 390  , [, , 4529  [ ]
  ,  24 57]
4613 5980

19, , ]
, ,  54   [[
651748 ,   4,  , 28 ]
69 [,  067, 47  16, 
 60, ,   71, [ 0  , ,    11280 47 28 , ]
, 0, , 7  57 ,  ,  40 
   0, 798021,  [, ,  , ,   72  ,  0 1980 1418,  , , 67 , , 0  ]
    , 590 70170 , , 9
, , 18  ,   65,   1916, 0  [10, ]
, 82 42  ,  , 0 30
   0, , 097 ,   ]
[]
0  18 5955 , 140
, 
0 , , 12 ,   16 ,  23[ []
, 0  0 6012 , 47, 59
, , ]
  23  [ 68  0,   0 
0, 014,   , ,  , 46[9 75  59,   , , 42,   0    , 0]
68 038 , 59, 9, , 44
    , ,  4846 [ ,  00,   1522, ,  3838, ]
,  58 , 71  ,    
2200  26, , 660,  ,  , ,  [  0 15 ,   57]
 76 320, 0]
44, 60  105, , 

490,   ]
, [34 111  56, 7, 34
[16 ,  ,  20,  51 67]
 [ 53, , 6125 0 , 
 78 , ,  , 065 57 ,  [, 23,    114  0 , 07,  53, ,  0, ]
   11 , 8760849710 ,  
, 0, , ]
    70, 67 4563[,  
9]
,    72 0, 60[34
41 , ,  , , 12  15  87, [140 0,   , , 0,   21 114, 13722014,  ]
, ,  ,  23, 3461 ,  19 , 
60  ]
0 ]
 1957, 30045, 
 , , [
      015[8714, [0,  , ,  ,   41     18,  140 00 , ]
0, , ,    64,  13403225
 22, , , ,    ,  [0 4173  ,  , 250, 17 21118, ,   ]
,  , 600 71 32 ]
, 13
43,  61 ,  0[, 
93 44 ,  ,  ]
10 50 0127[74, 0, , ,  
 ,  10749 20,  ]
35 [  , 62,  0 054
  0, , 32, 26,    , 114,  64 [ , 0 ,  0 ]
1242060 059, , ]
, 47
,    8646,    ,  046
0 [31, , 78, 100 , , 60  , [  12, 28   84 ]
19, 0 , 8065, 0 ,  , 110
 ,  83 1410, 23, ,  , [   , 0159 127646 , , ]
]
 ,  1002462075  
, , , 0
   , [    6 0150 ]
31, [, 0, , 72 159  , ,    
  0141010]
0 , , [61, 0 ,  
 ]
   3164 0 23, 7
0, ,   , , 32   0 , 2721, [28 ,  , 100  ,  , 0 0   , 21,  270  ]
0,  54, 0, 47 , , 160 
 10 , 21  140, 0[, 0, ,     , 100155419 12, , ,  ,  ]
  0 9266  ]
31]
0
07764, , 
, 
 140 32, [18160,  ]
, [ 16[66  , 
100216511 , , , 52]
   73,   17
 00, 48, , [ ,  146 2696 ,  , 15422, 0 , ,  100, 63 , , 31  27   , 470, 0 , ,  ,  24154 84]
 , 0,  481460 , 
]
99,  , 7933  
[ , 78 0 ]
26, 2665, 
 ]
  67257
, ,  [ [33   47, 0 ,  0,  23,   ,   07 ,  , 150  47, ,  ,  8  41]
38 75, 0, 
 ,    42[0 ,  , 0  11, 25  , ]
016 , 49, 28 
 ,    00[31, ,  ,   24 16 0, , 18]
  66, 31
22 , ]
19 69, [37
  , 66 [ 0,  27 , 27 ,  , 0  26, 2053,  ,  , 85 15,  58]
 3976, 87
,  ,  43 41[53,  , ,   128 037, 27, 113,  ]
,    50 072
0]
, 67,  
  [053, ,   [ 2938  , 530]
 , , 7033  
,  110 , , 44 [ ,   530 ,  , 0 29 , 9411,  ,  ,    0 22016, , , ]
   78  500
0, , ,   [  52 0 , 190,  ,  , 28   ]
3202751]
, , 
69  
35 [, 0  , 31[30 100, 27, ,  ,     2323160, ]
, , 71  153
 36, 0147, [, ,    100291934, ,  , ,    0 1765, 27, 147, ]
 ,  795415362
]
, , 71 
 51[27,  ,    28035]
, , 52  
  00, ,   [43  , 026 , 30,  ]
  720 
, 0 19, [,    35  00, , ,    43 190, , ,    2622 , ]
0 , 8151
  , 0 , 43 [19,  ,  30 35,  ]
 054, 35
 , 19 , 43 [, 30  ]
484974, , 
  31 , 0[  ,  34 0, 74,   , 6950 , , 60  , 4173 ]
, 8243 
53, ,   [6146 , ,    0 70, 0,  ,    69650]
, , 55  49 
]
075, 
  0[, [  30  , 430 , ,    0  , 00 , 30,  ,  43  12, 0]
 , 8330 
 , 0 [,    01534, , ,     69 0, 0, ,    66 34, 0,  ,  21 36,  ]
 07736]

, 56 
 0, [  42[52,   , 58 2472, ]
, 84  
 880, ,  [ 86 73,  ,  0 61, 55,  ,     0035,  , ,   106095, , , 101  , 70 ]
 07850
, ]
 5715
,   [0[ ,   35 015, , ,     22 0]
0, 86,  
  350[, ,    2644 , 0,  , 71  ,  52 0, 75,  ,     0410, ,  ,  5245 , ,    042 ]
, 079,  
  600, ]
59
[ 48, 131 [, 37 125]
78, 87,  
69 ,   073[, ,   113  , 00 , , 79  ,  94 0, 57,  ,  75108 ]
, 080121
, ,    920]
[, 60 
  026, ,     0[0,   , 57  0, 26,  ,     0120, ]
,  88 57
48, ,    86[0,  ,  12  48, 0,  , 10458 ]
,  82 0
58, ,    18[0, 100,  ,  32  ,  00 ]
,  621520
, , 148,  10038, [ , 100  0, 18,  ]
148 89, 0
152, ]
157[84,  
143 , 0100, ,     00, ,  143 , 0157,  ]
 640
,  12,   0,  12,  24]
91
[ 24,  64,  64,  36,  38,   0,  50,  36]
92
[  0,   0,   0,   0,  24,   0,  24,  16]
93
[ 20,  60,  56,  28,  32,   0,  40,  32]
94
[  0,   0,   0,   0,  20,   0,  20,  60]
96
[ 50,  78,  68,  70,  44,   0,  64,  80]
97
[ 74,  82,  96, 118,  70,   0, 114, 104]
98
[100,   0, 130, 170, 100,   0, 170, 130]
100
