pb
pb
pb
pb
pb
pb
pb
pb
pb
pb
pb
pb
pb
pb
pb
pb
pb
pb
pb
pb
pb
pb
pb
pb
pb
pb
pb
pb
pb
pb
pb
pb
pb
pb
pb
pb
pb
pb
pb
pb
pb
pb
pb
pb
pb
pb
pb
pb
pb
pb
pb
rra
pb
rrb
rrb
pb
rrr
rra
pa
pa
rra
rra
pb
rrb
rrr
pa
rra
pa
rra
pa
pa
pa
rra
rra
pa
pa
rra
pa
pa
pa
rra
pa
rrr
pb
rrb
rrr
pa
rrr
rra
rra
pa
rrb
pb
pb
pb
rrb
rrb
pb
pb
rrb
pb
rrb
pa
rra
rra
rrr
rrb
pa
rra
rra
pa
rra
pb
rrb
rrb
rrr
pa
rrb
pb
rrb
pb
rrb
pb
pb
rrb
pb
pb
rrr
rra
pa
rrr
rra
pa
rrb
pb
pb
rrb
rrb
pb
rrb
pb
pb
rrb
pb
pb
rrb
pb
rrb
pb
pb
rrb
rrr
pa
rra
rra
rra
rra
pb
rrb
rrb
pa
pa
rra
pa
rrb
rrb
pa
rra
rra
pb
rrb
rrb
pb
rrb
pb
rrr
pa
rra
rrr
rrb
rrb
pb
rrb
pb
rrb
rrb
pb
pb
rrr
pa
pa
pa
pa
pa
rra
pa
rra
pa
pa
rra
rra
pa
pa
pa
rrr
rrb
pb
rrb
rrb
pa
rra
rra
pa
pa
pa
pa
rra
pa
rra
pa
pa
rra
rra
pa
rra
pa
pa
rra
pa
rra
pa
pa
rra
rra
pa
pa
pa
rra
pa
rra
rra
pa
pa
pa
pa
rra
rra
rra
pa
rra
pa
pa
pa
rrapb

rrapb

rrapb

rrapb

papb

papb

rrapb

rrapb

papb

rrapb

papb

rrapb

pbpa

pbpa

pbrra

pbpa

pbrra

pbrra

rrapb

papb

pbpa

pbrra

pbpa

pbpa

pbrra

pbrra

pbpa

pb
pa
pbpa

pbrra

pbrra
pb

rrapb

papb

rrapb

papb

rrapb

rrapb

papb
rra

pbrra

pbrra

pbrra

pbpa

pbrra

pbpa

pbrra

pbrra

pbpa

pbpa

pbrra

pb
rrarra

rrapa

papa

rrarra

papa

rrarra

papb

pbrra

pbrra

pbpa

pbpa

pbrra

pbpa

pbpa

pbrra

rrapa

rrarra

rrarra

rrarra

papa

rrarra

papa

parra

papa

parra

rrapa

pa
rrapa

parra

rrbpa

rrbrra

pbpb

pbpb

pbpb

rrrpb

papb

papb

papb

papb

papb

rrapb

papb

rrapb

papb

papb

papb

rrapb

papb

papb

rrapb

papb

rrapb

rrbpa

rrbpa

pbrra

rrbpa

pbpa

rrbpa

rrbrra

rrapb

parrb

rrapb

parrb

rra
pbpa

rrbpa

pbrra

pbrra

rrbpa

rrbpa

rrbrra

pbrra

rrbrra

rrbpa

rrbrra

rrbpa

rrbrra

rrbpa

pbpa

pbpa

parrb

rrarrb

parrb

papb

rrarrb

parrb

rrapb

papb

papb
rra

pbrra

pbpa

pbpa
pb

rrarra

parra

parra

rrapa
pa

rrarra

rrarra

papb

papb

rrapb

rrarra

parra

rrapa

rrarra

rrapa

papa

papa

parra

rrapb

rrarra

pa
rra
papb

rrapb

pa
rrapa

pa
papa

rrarra

rrapb

parra

parra

rrapa

parra

rrapa

parra

rrarra

rrarra

papb

papb

parra

parra

rrapa

papa

parra

rrapa

pbrra

pbpa

pbrra

pbpa

pbpa

pbpa

rrapa

papa

parra

papa

rrapa

papa

papa

rra
pa
rrapa

rrarra

papa

rra
parra

rrarra

rrapa

pbpa

papb

pbrra

pbrra

rrarra

rrarra

rrarra

parra

rrarra

rrarra

parra

rrapa

rrapa

rrarra

rrapb

pbpb

pbpb

pbpb

pbpb

pbpb

pbpb

pbpb

pbpb

rrapb

papb

papb

parra

parra

rrarra

rrapa

rrapa

rrapa

parra

papa

rrarra

papa

rrapa

rrapa

rrapa

papa

parra

rrapa

parra

rrarra

rrarra

rrarra

rrapb

rrapb

rrarra

rrarra

rrapb

rrapb

rrapb

rrapb

rrapb

rrarra

rrarra

rrapa

pb
rrapb

pa
pb
papb

pa
pbpa

pb
papb

papb

rrapb

rrapb

rrapb

rrarra

rrapa

rrarra

rrapb

rrapb

rrapb

papb

rrapa

papa

rrarra

rrarra

papa

rrarra
rra

pbpa

pbrra

papb

rrapb

parra

rrapa

rrarra

papa

rrarra

rrapa

rrarra

rrapa

rrapa

papa

rrarra
rra

parra

rrarra

pbpb

pbpb

rrapb

pbrra

pbrra

pbpb

pbpb

pbrra

pbrra

papb

rrapb

papb

papb

rrapb

rrapb

papb

rrapb

rrapb

rrapb

rrapb

rrapb

pbpb

pbpb

pbpb

pbpb

pbpb

pbrra

pbpa

papb

rrapb

papb
rra

pbpa

rrbrra

papb

rrarrb

rrbrra

rrbrra

pbpb

rrbpb

rrbpb
rrb

rrbrra

rrbpa

rrbrra

rrbpa

pbrra

rrbpa

rrbrra

rrbpb

rrbpb

pbpb

pbpb

pbpb

rrbrra

pbrra

pbrra

papb

papb

rrbrra

rrbrra

rrbpa

pb
pa
rrbrra

pbpa

pbrra

rrbrra

pbrra

pbpb

pbrrb

pbrrb

pbrrb

pbrrb

pbrrb

pbpb

pbpb

pbrrb

pbpb

pbpb

pbrrb

pbrra

rrbrra

pbrra

rrbrra

rrbpa

papa

papa

papa

rrarra

papa
pa

parra

rrarra

parra

rrapa

rrapa

rrapa

parra

rrapa

papa

rrapa

rrarra

parra

parra

parra

rrarra

rrarra

parra

rrarra

parra

rrarra

rrarra

papb

rrapb

rrapb

papb

rrapb

pbpa

papb

pa
pbpa

pbrra

pbpa

papb

rrarra

rrapa

rrarra

parra

rrarra

papa

papa

rrapa

rrapa

rrapa

papa

papa

rrapa

papa

rrarra

papa

rrarra

parra

rrarra

rrarra

rrapa

rrapa

parra

rrarra

rrarra

parra

parra

pa
rra
rra
pa
rra
rrarra

rrapa

rrarra

rra
rrarra

parra

parra

parra

parra

parra

rrarra

rrarra

rrapa

rrarra

parra

pbrra

pbpa

pbrra

papb

papb

papb

rrapb
rra

pbpa

pbpa

pbrra

pbpa

pbrra

rrapa

pa
parra

rra
pa
rra
rra
pa
rra
pa
rra
pa
rra
pa
rra
pa
pa
rra
pa
rra
rra
pb
pb
pb
pb
pb
pb
pb
pb
pb
pb
pb
pb
pb
pb
pb
pb
pb
pb
rra
rra
pa
pa
pa
pa
rra
pa
pa
rra
pa
rra
pa
pa
rra
pa
rra
pa
rra
rra
pa
pa
pa
rra
rra
pa
pa
papb
pb

pbpa

pbpa
pb

pbpa

pbrra

pb
papb

pbrra

pb
rrapb

pbrra
pb

rrapb

pbrra
pb

pbrra

pb
rrapb

pbrra

pb
rrapb

pbpb

pbpb

pb
pbpb

pbpb

pbpb

pb
pbpb

pb
pbpb

pbpb

pb
pbpb

pbrra

pb
papb

papb

pbrra

pbrra

pbrra

pbrra

pbrra

pb
rrapb

pb
rrapb

rrapb

pbrra
rra

rrarra
pa
pa

rrarra

rrarra

rrarra
pa

rrapa

pa
rrarra

parra
pa

parra

rra
rrapa

parra

parra

rrarra

pa
parra

parra

rrarra

rra
papa

rrapa

pa
rrapa
pa

rrapa

pbrrarra

pa
pb
rra
rra
pb
rra
rra
pb
pa
pb
pb

rrapb
pb
pa
pb
pb

rrapb
pb
papb


pbrrapb

pb
rra

pbpbrra


pbpb
pa
pb
pb
papb


pbpapb


rrapbpb


pbpa

pbpapb


pbpapb


pbrrapb


pb
pbpbpa


rrapbpb


rrapbpb


papb

pbpapb


papbpb


papbpb


rrapbpb


pbpa
pbpb

rra

pbpbpa


pbpbrra


pbpapb


pbpbrra

pb
pa

pbpbrra


pbpapb

pb
rra

pbpbrra


pbpbpa


pbpbpa


pbrra
pb
rra

pbpa
pb
pb
pa

pbrrapb


pbrrarra


pbrra
papb


pbpapa


pbpbrrapa


pa
pbrrr
pa
rra
rrb


pbpapbpa



pbparrb

rra
pbrra
pb


rrapapbpb


rrr
rrarra

pbpa

rra
papbpa



papapbrra



pbparrrrra



pbrrbpapa


pb
pa
parra
pbpa



rraparrapb



parrrpapb


rra
pa
rrapbrra



parrapbpa



parrbpbrra


pb
papb

parrapb



rrapb
pbrra
pb

pb
rrb
pa
rrapb

rrb

rrarrapbpb



rrapbpa
pb
pa


pbparrapb



rrbpb
pbpa
pb
pb


pbrrbrra
pb


pbrrbpapb



pbrrrpb
pa

pbpa
rra

pa
pbrra
pa


papbpbrra



rrbpapbpa



pbrrapa

pbpb
pa


pbrrarrb
rra


pbrrarrb
pa


pbrrbparra


pa
rrapb
rra

parra

pb
rra
rrarra
pb

rra
rra
pbpbrrr



pbpapbrra


rra
pbrra
pa
rra

pb
rrarra
rra

pb
rrarra

pbpb
pb


papbpbrrb



pbpbpb
rra

pb
pb
pb
rrapa
pb

rrapb

pa
rrbrra

rrb
parrr
rra


parraparra


pa
rrarra
rra
pa

pa
rrr
paparrb



pbrrarra
rrr


pbparrarra



rrapapbrra



paparrb
pa

rrbrrrrra



papbrrapa


pb
papb
rra

rrb
pb
parrr
pb


rrapbpa
pb

rra
rrb
rrarrb
rra
pa


pbrraparra


papb


rrapapapb



rrarrarrbrra



pbrrbrrapa



pbpbpa

pb
pbrrr
rra


pbpbrrapa



pbpbpa
pa

pbrrr

pb
rrarrarra



papapa
pb


parrarrbpb



pbrrapa

pb
rrbpa
pa

pbpa
pb


rrapapb

rrb
rra
papb
pb
pa

pa
pbpb
pa
pa


rrbrra
rra
pbpb
rra

rra
pbrra
pb


parrarrrpb



papbrrapb



pbrrapa

pb
papb
rra


rrbrrapbrra



rrarrrpa
pb

pa
pa
rra
pbpa
pa


rraparrr

pbrra
rra

pa
pb
papbrra



pbrrarrapb



rrapbpapb



pbpbpapb


rrb
pbpbrra



rrarrbpapb



rrbpa
rra
pb
rrbpa

pa
pbparra



parrapa


pbrrarrapa



papapbpa



rrarrapbpa


pa
rrapb
pa

rrb
rra
pbpa
pb


rrapbrrbpa



pbrrapbrra



rrarrbpbpa



pbpb
pa
pbpbpb



rrbrrapbpb



pbrrapa
pb
pb

rrapa

pb
pbrrapa



pbrrbrrapa



pbpapbpa



rrapbpb
rra
pb


pbpbpa
pb


rrbpbpb
rra

pb
pb

pbparrbpb



rrapbrrapb


rrarrb
rra


pbrrapbrra



pbparrbrra



rrbpapb
pa


papbpb
rra
pa
pb


pbparrarrb



papapbrrb



parrbpapb



pbrrapa
pb

pb
rrarra
pb

rrb
papa
pb

rrb
rra
pa
pbrrb
rra


papbpbrra



pbpa
rra
pbpb

rra
rrbrra
pb

rra
rrbpb

pb
rrbpapb



pbpbrrapb



pbpbpbpa



rrapbrrapa


rrbpa
rra

pa
rrbrra
pa


rrapbpapb



rrbrrapb
pa

pb
pbpa
rrb

rra
rrapa

rrb

rraparrbpa


rra
pbrra

pa
rrarrb
pb

parrapb



pbparrbrra



rrapapbpa



papbrra
rra

pa

rrbpbpapa



pbrrarra
rra

pa
rrarrb
pa

pa
rrbrra

parra
rrb

pb
pbpa
rrb


pbpbpa
rrb
pb


rrarrbparra



rrapbpapa



rrbparra
pa

rrbrrapa



parrapbpa



parrbpbpa



pbpapbrra


pb
rra
rrarra
rra
rra


pbpapapa



rrarraparra



paparrarra



rrarrarrr
rra

pa
pbrra

parra
pb


pbparrbpa



pbrrapbpa



pbpbrrarra


rrb
pbpb
rra
pb

pb
rrapa

rrb
rra
pa
rrbrra
pa


rrbrra
rrarra
rrb


papapbrra



parrarrb
pa

pa
rrbpb

rra
rrbrrapb



rrbpapbpb



rrbpbpb
pa

rrarrbpb


pb
parrapa

pb
pa
pb

rrapapa
pb


pb
papapa


pb
rrapapb
pa


pb
papa
pb

parra
rrarrb


pbpa
rrapa

rrb

pbrra
rrapa
pb


pa
parrapb
pb



parrapapb
pb


parra
parrb
pb


rra
rrarrapb
pb


pb
pa
rrbpbrra
pb

pa

pa
pbpb
papa

pa

rrapb
pa
parra


pa
pbpapa
rra


pa
pa
rrapb
parra

pa

pbpb
rrapa

pa

pbpb
pb
pa
rrb
pb

pbpb
pb
pbpa


pbpb
pb
rrb
pbrrapb

pb


pb
pbpbrrapbpb





pbpbrrapbpbpa




pb
papb
pbpb
papb

rra
pb


pbpb
rrbparra
pb



pbpb
pbparra



pb
pbpbpbrrapa





rrbpbrrapbpbpa





rrbpbpbparrarra





pbpbpbpb
parra


pb

pbpb
papbpa
rrb
pb




papapbpapb
pb



pa
pa
papb
pbpb
rra
pa



papbpbpbparra




pb
papbpb
papa


rra

rrapb
pbpapa

pa



pbpaparrapa
pb



paparra
pbpa


pb
pa
rrapa
pb

papb

paparra


pb
pb
papa
pa
pa


pbpb
parrapa


pa

pbpapb
parra




rrapbrraparra
pb



pa
parrapbpb
rra


pa

parrapb
pb
pa

rrb

parrapb
papb

rrb


parra

rrapbpb
pbpa

pa


rrapb


pbparrbpbrrarra





pbrrapbpbrrapa





pbpbrrbrra
pbrra



pb
pbpbpbpb

pa

pb

pb
pbpbpb

pb
pa
pb
rrbpb

pbpbpb


rra

pbpbpbpb
pb



rra
pbpbrrbpb
pb




rrapbrrapbpbpb





pbpapbpa
rrbrrbpb


pb

pbpb
rrarra
pb

pb

pbrrb
pb

pa
pb
pbpb
pb
pa


pb
pbpbpbpb
pa



pb
pbpbrrr
pb
rra
pb



rrbpbpbpb
rrarra

pb


pbpb
rra
pbrra
rrbpb

pb

pb
papb
pb
pa

pb

pbpb
rrbparra



pb
pbrrbparrb
rra



pb
rrbpbpb
rrarra


pb

rrbrrbrrarra
pb


rrbrrb
pb

pb
pa
pbpbpa
rrbpb



pbpa

papbpb
pb
pb



pbpa
pbpbrra
pb
rrb


pb
pa
pbrrb
papbpb


pb
pb


rrbrra
pbpbparrb

pb



pb
rrapbrra
rrb
pbrra
rrb


papa
rrapb
pb

pb

pb
rra
papb
parrb
pb

pb

rrapa
pb
rrbpa

pb
rrb

rra
rrapb
rrbpa
pb

rrb


papbpa
pbpbrra


pa


pbpapa
pbpbpa




pa
pbrraparrapb
pb





papbparrbrrapbpa



rrb



papbparrarrarrb
pb





rrapapbrrarrapbpb






rrarrbpbpbrrarrarrb




pb

pbrrbpb

rrapbpbpa

pb


rrb
pb

pbrrbpb
parrapb


pb
rra

pbrrb
papb
pb



papa
pbpapbpb

pb




rrarrarrbrrbpbrrapb






rrapapbrrbpbpbpa






pbpb
parrapbpa
pb
pb


pb
rrb
rrapa
pb
rrapb
pb

pb

pb

rrarrb
parrapbpb

pb



pbrrarrb
pbrra
rra

pb


pbpb

papbparra
pbpb




pb
pa
pbpa
pbpapb
pb

pb

pa
rrr
pbpb
papb

pb
papb


pbpb

rrapbpb


papb

pbpb
pb
pb

papa

rrbpbrra

pbrra


pa

rrbpapb
papapb


parrr


pb
papapa

pa
pb

rra
papb

pa
parra
pbrra
rra



rrapa
parrapbrra

rra



pa
rraparra
pb
parra

pa
pa
pb
rrr
pa

rrarrapa


pa
pb
parrbpa
pa

pa

rrb
pbparra
pa
rrarra



pb

pbrrarrarra
pa
pa


pb
parrapb
pa
papa



pb
pa
rrapbrra
pa

rra

pb
rrrrra
pb
pa
papa

rra
rrb

pbpapa

rra
pa

rrb
papbrra

rraparra


pb


pbpa
rraparra
rra
rrb


rrb

rrrrrarrapa
pb

rrr

pb
papb

pa
rrarrb
parra

rrb
rrb

rra
pb
pbrrarrarra

pb
pa


pb
rrrpa
parra
pb


rra
pb
rrapa
rrr

rrapb
pa
pbpa

pa


rrbpb
rrarrbparra

rra



rrbpa
pbpbrra
pa

rra


pbrrbrrapb
parra




pa
pbpbpbrrbpapa
pa






papbpb
pbpbparrarra

rrarrb




pb

pbrrapbrrapa
pbrra


rra


pb

rrarrb

rrarrbpapapb
pa
pa



pa
rrbpa
rrbrrapb
rra


parra


paparrb

rrapbpa


papa


rrarrarrb

papapb
pa


rrarra


pa
rraparrb
rrapa
pb


rra


pa
rrarrbparrapa

rrapb


rrb
papa

pa

parra

rrapbrrbrra

parrapa



pa


parrbpbpa
papa
rra



pa
pa

rrbpapbpa
rrarrarra
pa






parrarrb
papbrrapapa


rra



rrarra
rrbpa

pbparra
pa
rrapa




pbpa
pbrraparrapa


pa



pbpapb
parrapa
rra


pa

pa
pbpapb
parra
pa



rra

parraparrapb
rra
rra



rra
rra
rraparrapb

rrapa



papa


rrapapa
pbpa
rra
pa
rra

rraparra


parra


parrapapb

pb

pa

pa
rrapapa
papb
rrb



papa
rra
parrapa



papbrrb

papa
rra


papa

pa
rrapbrrb

rrarra

papa

papb
rrarrb

pb

pa

parra
rrbrra
rra
rrb

papb
pa

pa
rra
pa
pbrrb
rra

pbpa


rrarrrrra

pbrrbpa


pbpa


pbpa
pb
pbrrbpa

pb
pa


pbrra

pbrrbpbrra

pbpa
rra


rrb

pb
pbpbpa

pbpa
pa

papb

rrb
pbrra


pbrra
rra
papbrrb

pb
pa


pbrra

parrarrarrb



pbrra

rrapbrrarrb

rrarra




rrbpa

rrapbrrarra
pbpbparra



pb



parra
parrbpapbrra

pb




parra
pbrrarraparrb


pb



rrarrapb
rrrpapa
rrb


pb

pa
rrarrapbpb
rra
pb




pbpa

parrapbrrbrra

rrbpa




papb
paparrarrbpa

pb




rrapb

rrarrarrarrbrra
pbpb




rrapa

rrapapbpa

rrbpb




pbpa

rrapbrrapbpa
rrbpb





pb
rrapbrrarrb
rrbrra
pb


pb

pb
rrarrapb
papa

pbpb


pbrra

pa

rrarrbpbrrb
papb





rrarrbrrapbrrr
rra
pb


pa
rrbpb
rrb
rra
pa

rrbrrr
rrb
pbpb

rra


rrarrbpb
rrbrrapb

pa



rrbpa
pbpapb
pbpa



rrb

rraparra
rrarra


pbrrb
pa
papa

rra

pa
pa
parrrrrb
pa
rra



parrb
parrbrrapb

pa


pa

pbrrapbrra
papb



pa
rrrrra
rra
rrbpa


parrb


parrbpa
rrarrbrrb



pb

papbparrarrb


rrr


papbrrbrraparrb






rrrparrarrarrapb

rrb



pbrrarrapa
rrbpa




rrrrrb
parrarrapb



rra

rrrrrarraparra
pb





papaparrapa
rrb
rra


rrr
rrapa
pa
rra
rrb

rrapa
rra
rrarrr


pb
rra
rrarra
rrarra
pb


rrb

rrarraparra
rrbrra



rrb
pa
rrapapa

rrr

papapa

rrapa


pa

paparra
rrbrrapa

rra



rrapa
paparra
pb
pa


rra
pa
papa
rra
pbpa

papa


parra


rrapb
pbrra
papa




rra
paparrapb
pbpa


rra
pa


rrarrarra
pbparra

pb
pa


pa
parra
papb
pb

pbrra


pa
parra
papb
rrb
pb

pb

parra
rrapb
pa

pb
rra

rra
rraparra
rra
rrarrrpa



rra
pa
pa

rraparra
pa
rra
pa
rrarra
rra
pa



rra
pa

parrapa
rrapapapa



rra

pa
parrb
rra
pa
rrapa
pa
rra
rra


pb

pb
rrarrarrarrapbpb
rra






pbpbrrapapbpb
rrarra




rra

pbrrbpapbpbrrb


rrr



pbpapbrra
pbpbpb




rrbpb

rrarrbparra

rrb

pb

pb
parrarrb
rra
rrapb



pbpb


parrbparrarra
pbpb


rrapa

pb

rra

pb
pbrra
rrarrarrr
pb
papb




pb

rrapapapbrra
pb

pbpa



rrbrra

rrapbpapb

rra
rra


rrarrb

rrapb

rrb
rrapapb
rra
rrapa

rra
pb
pa


papb

rrarrarraparra

pb




rrb
papapbrrarra

papb



pbpa

parrapa
pbpb
pb

pa


rra
papa
pbpa
pbpb


parra


rraparrbrra


pbpa


rrbpa
rrapa
rrarra

rra


rrarra
rrbrra
pbpa

rra

pa

pa
parrapbparra
rrb





pa
rrapapbpapa
rrarrb


rrb

rra

parra
pbpapa
rra

rrb


pa
rrarra
papb
pa

rrarrb

rrarra
papa
parrb

pb




parra
paparrapa
pa

pb



rra
rraparrbpapa
pb

rra


rra
papa
rrbpa
rrapa
pb


pa

rrarra
rrapapa

pa

pb

rrapa
rrapb
rrapa


rra


pbrrapapa
rrapb
pa



rrarra
pa
pbrrapa


rrapa


parrbpa

papapb
rra


rra
pa

rrarrb
pbrrapapa
pa

rra




papa
pbparrarra
rra

pa


rra
rrapb
parra
rra
pa

rra
rra
rrarra
pa

rra
rra

rrarrarra
pa
papa


pa


paparrarra
pbrrarra



pa


papapbpa
paparra


pa



parrarra
pbpapapa


pa



paparra
pbpapa

pa
rra

pa
parra

pa
pb

papb
rrarrarra
pa

rra



rrapb
rrarrarrapapa

pa





papbpapapaparra

pa




papb

rrarraparrapb
pa

rrr


pb
papa
pbrra
papa


rrb
pb

rraparrarra

rrapa



pbpb

papaparra
rra

rra


pb
papb
rrapapa

rra


pa
pbpa
rrarrbrra
pa


parra


papbpa

parrapb


pa
rra

pbparra
rra
rra
rrbpb

rra

pa

pa
rrarrapb
pb
rrbpa



parra

papbrrapb

pa

rrb


rrarra
pbpbparrapb

rra




parra
pbrrbpbpa
rra
rra



rra
pa
pbpbpb
rra
pbpa


rra
rra

pbpb

rrb
pbpapb
rrapa
rra


pb


rrbrrapb
pbpbrrarrarra



rrb



papbpb
parrarrarra


rrb



pbpapbpb
pa
rrapapa


pb


rrapapb
pb
pa
papb


rrapa

pa
papbpb


papb


rrapapa

rrapb
pb
pb

rra
pb
rra
rrarra
pb

pbpb


papbrra

pbpapbrra



pbpb


pb
pbrrarra
pa
pb
pa

rra
pb
pb
pa
rrarra

pb
parra

pbpb
rra

rra
rra

pbpa
rrapb
rrapa

parra
pb

pb


pb
parrr
rraparra


pb

pb
rrarrarrbrra
rrb
rra



pb

pbrrarrarrbpa
rrarrb

pa

rra

pb

rrarrb
parra

parrb

rrapa
pbrra

pb

rrapb

rrapa
pa
pa

pbpa
rrb
pa
pb

rra

pbrra
rrarra
rrbpa

pb

rrarra

pbrra
papa

pb

pb

pa
rrarra
pbpa
papb

pb

pa

rra
rrapapa
pbpb
rra



parra

rrarrapbpa
rra
rrb

rrapa

rra

rra
pa
pa
rrbpb
pa

rrapa

pb
parrbrra

rrb
rra

pa

rrapb
rra
pbpbpa

rra
rra


pb
pbpa
rrbrrb
rrapa

rra

pb

rra
pbrrb
pbrra
rrarra

rra

pa

pb
pbparra
pbrra
pa


rra

rrb
rrarra
rrapa
rrbrra

rra

rrb

pb
rrapa
papa
pbrra

pb

pb

parra
papbrra
pbpb

pa


pb
rra

papbpa

pb
rrarrb

pbpb
rra
pa

pa

rrarra

pa
rrbrrarrb
paparra



rra
pb


rrbpaparrb
rrarra
rra



parra

rrbrra
pa
pb

pbrra
rrbrra
pa
pb
rrapbrra


pb



rrbpbrra
parrarrb
rra

pb


pb
pbrra
rrapa
pb
pb
rra

pb
rra
rra
pa
rra
pbrra
pbpapa

rrbpa




pa

rrarraparrb
pbrrbrra



rra


papbpapa
rrbrrapa



parra


rrarrb

paparrarrb
rra
pa




pa
pbrraparrapa
rrb
pa



pa
rrb
paparra
rra
pb

pa

rrarrb
rrarrarrb
parra
rra





rra
pbrrapaparrbrra

pb




pbrrb
pbpapbrra
rrb


pb

pb
rrbpbpa
pb
pa

rrb

pbpbpb
rrbrra
pa

pb

pbpa

rrbpa
pbpb

rrapb

parra


pa


rrbpapbpbpa
parra

rra



rra

rrbpbpbpapa
parra




rrbpa
pa
pbrrbrra

parra

pa


pb
rrapa
rrbrrapa
pa


pa


pbrrapbrra
pbpapa





rra
pa
parrbrrbpbrrarra

papa


pb

pbpa


papb
pbpb
rrapa
papa


pb



rrbpb
pbparrarrb
rra
pb



rrbrrb

pbparrb
pb
pbpa


pb
rrb

rrarra
pb
pbpb
pa
rrb
rrb

rra
rra

rrbpb
rra
rrarrbpb

pa
pa


pbpb

rrapbrrapb

parra



rra
pb
pbrrbrrapa
rrarra



rrb
pa

pbpbpa

rrapapb


pbpa



rrbpbrra
paparra
pb


pbpb

pb
rrapb

rrarra

rra
pb
pbpa
rrarra

pb

pa

pbpa
rra
pbpapb


pbpa


rrbpbrra

rrapapbpb



pb


pbpbpapbpa
papb





pbpb
pbpbrraparra

rra

rrapb


rra
pbrrb

rrarrapa


pb
rra

pbrra
rra
pbpa

rra
rrbpb
pb
rra
pa



rrapapa
rrbrrapbpb


pa



rrapa

parrbpapb
pbparra



rra



rrbrrapbrraparrapbrra







pbrrarra
rrarrarrapapb
pa


pa
rra


pbpbrrapa
pa

rra

pa
pa
rra
pbpb
rra
rra
pb

rra
parra

pbpbpb
pa

pa


pb
rrarrarra
rrbpb
rra




parra
paparrbrrapb

parra
rrapa







pbpbpapapapapa
rra





pbpb

papapaparra
rrb

pa



rraparrb
rraparra

pb

pa

parra
pbpa
rra
rra

pbrrb

rrapa
pa

papa


pa
rrarrarrb
pbrra
rra


rra

pa
pbrra
rrapbpb

pa
rra


rrapb

papbrra
pb
rrarra


rrapa
rrb

pb
rra

pbrrapa
rra
rrbrra

pb
pbpb

rra

pa


rrapb
pbrrarrapa
pb

rra

pa
rra
rrbrra

rrapa

rra
papb

pbrrb
pa

pa
rrapb

parra
pb

pbpbrra

rra

rra

pa
papbpb
rrbpa
pa



rra
pa
rrarrapbpb
rra
pa

rra

pb
papa


pa
pbpb
rrapa
rra
rrb

rraparra
pb

pb



pa
rrrparrapbpa
pa

pb


rra
rrapa
parrarra

pa


rra
rrarra
papapapa

rra




papa
pbpaparra

pa

pa
pa
papbpa
pb
pa




rra
parrapapapbpapb







rrarrarrapapbrrapapb







rrarrarrapbrrapaparra







parrapb
rrarrapapa
papa
pb





pb
paparrarrapa
rrapb




pb

rraparrarrapa
rrapa




pb

rrapapapa
rrapapa



pb


parraparrarra
rrarra




pb

paparrapapa
pbpa




pb
rra
parrarrarra
pb

pa



rra
rrarra
rrarrapa
rrapb
pa


pa

pa
papb
parra
rrarra

pa

rra
pa
rra
pbpa


pa

papbparrapb
rrapa


pb


parra
papa
pbpa

rra


pb

parrarra
rrapapa

pb
pb


papb


rra
papa
rrarrapb
pbpb
pa



papa
rra
pbpa
pb

pbpa

pa
rrarra

pbrra

rra
pa
pb
parra

parra
rra

parra


pbrrarra

paparra


pa
pbpa

rra
papapbrra


rra



pbpapa
rrapapa

pb


rra

parraparra
pb
papa

pa


pa
rrarrarra
rrarrapb




parra

rraparrarra

rra
rra


papa
pa
rrapa
pa
rra

rra
rra
pa
papa

pa
papa

rrapa
pa

rrarra

pa
parrapa

rra
rra


rrarrapa
pa
rrapa



pa
pa

rrarrarra
parra
pa
rra
pb
rra

parra

rra
paparra

rrapb
rrarra




rra

parrapapbpb
parra




rra

rrapb
papaparra
parra




rra


pbrrarrapapapapa
rra



rra

pb
rrapa
rrarra
pa
rrapa
pa

pb


rra
pa
parrapa
rrarra
pb



rra

rrapbpbpbpa
parrarra





pb

papbpbrrapa
rrapa





pb
papbrrapaparrarra







papbpbparrapapa
parra




rrarra


pbrrarra


papa
rra
pbrra
rrapa
rra
rra




rra
rrapbpapa
parra
pa


rra
rra

papbpa
pa
parra


rra

rra
pbrrapa
rrapa

rra
rra

pa

papapb
rra
rrarrarra




rra

rrapapapb
rrarra


rra
pa

rrarrapapa
pb


pa



rrarrarrarrapapapapb






rra
rrarrarraparra
rrapb




pbrra

rrapa
rra

pa
pbpa
rrapbrra

rra
pa


rrbpa

papbpbpa

rrarra



rrb
rra
pbpbrrarra
rra

rra


pb
pbrra
pbrra
rrarra


rra
rrb


rrapbrra
rrarrb

rrapb


pbpa


pbparra
pbpb
rra

rrarra
rra
pb


pb

pbpbrrapa

pbrra


pbrra

papb
pb
rra

rra
pb
parrapa

pbrra

pb
rrb

rrapa
rra
pb

rra
pbpb
pbpa
pa

rrb
pbpb

rra
pb

pbrrarra

pb

pb
pa
rrapbpb


papb


pbparra
papbpb



rrb

rrapapb
pb
papb


rrarrb

parrarrapb

pb
rra



rrbpa

pbpapa
pbrrapa



rrb

rrapb
rra

parrarrapb
papb




pb
papapapapb
rrb





pbrrapaparrapbpb





rra
rrarra
pbrrbrra
pb
pa



pa
rrapbpapb
rrapa
pb




rra
rrbparrapb
rra
pb

rrarra

rrbrra
rra


pa

pbrrapapb

rrarra


rra
rrarrarra
rrarrb





papapbpbpapbrra



rra


pbpbpbrrapa
pa





parrapbrrbrrarrarra






papa
rrapbrrapbrra
rra





parrapb

rrapbrrbpbpa
pa





rrapbrrbpapbrrarra

pb





parrbpbrrapapbpa






rrbrrarrarrapb
rra
rra


rrb

parrapb
pa
rra

pbrrb
rra

pb


rrapbrrarrbpapb





pbpapbpapa
pbpb





rrbrraparrapa
pb



pb
papapapa


pb
pa
rrbrra
pa

rra

pbrrbpa
rrapa



rra
pbrrbparra
rra




parrarrbpbrrarra





parrapbpbpapa





papbpbpbrrarra





papbpbpa

pbpa

rrbrra


rrapb
papbpa

pa



rrarraparra
pbrra


rrarra

rrapa

pb
pa
rrarra
pa
pa



pbpapapaparra





rrarrapbparra
rra



rra
pbrrapb

rra
rra

rrapapbpb
rra



rrapapb

rrapb

rra

rrapbrrapb
pa

pb


pb
rrapbpapapb





rrbpbrraparra

pb


pbpbpa
pa
rra

pa
pbrrb

papb

rrarra

rrbrra

rra
pb
pa
rrapb

rrapb


rrarrapb
rrb

rra

pbpapb
pa
pb

pb
pb
parra
pb

pb

pbpbpa
rrbrra

pb

pb

pbparrb
pbrra



pb
parrarrbpb

pa


papb
pbpb
rra

pa
pa

pbrrapbpb

rra


rrapb
pbpa
pb


rrapa
pbpapb


rra

papbrrarra
pb




rraparrapbpb
pa



rrb
parrapb
rra
pa

pa
papa
pb
rra


papa
papbrra


pa

rrarrapapb


rrarra

parra
pa
pb


pa
papbpaparra





papbrrarrapa

rra


rrapb
papa


rra
pa
rrarrapbpa

pa


pbrra
rrarrarra


rra
pb

papaparra

rra


pbrra

parrapa
rrb
pa

rra
rrarra

papb

papa

rra
rra
pb
rrapa
rrapa

rrb

rrapa
rrarra


rrb
parrapa


rrbpa
rrapa



rrb
rrarra
rrarrapa

rrb
rra

rra
pa
pa
rrarrb
rrarra


pa

rrbrra
rrarra
rra
rra

rrb

paparra
parra


pb

rrapa
parra
pb
rrb

parra

papa

rrb
pb
rrarra
pa

pa
pb
pbpb

rrapa


rrbpa
pb
rra
rrapbpa
pb


rra
pb
parrarra

pb


pb
rrapapa
papb


pb

rrarra
rrarrb
rra
pb

rra

pbrra
papbrra

rrbrra



rrarra
pbrrbrrarra





rrapbpa
rrarrbrra


pa

rrbrrarrarrapa





pbrrarrarrarrarra





rrbrrapapb
rra
rra

pa
pb
pbrra

pa
pb

rrarrbpb
rra

rra
pb
parrb
pb

pb

rrarrapb
rrbpb



pb
rrarrarrbpb

pb

pbrrb
pa
pa

pb
rra
rrbpapb

pa


rra
pbrrbrra
pbrra


rra

papb
pbrra
pb
pa

rra

pbpapb
papb


rra

parrapb
pb


pbrrarra
rrapb



pb
parrapbrra

pb


rrapb
parra
pbpb


parra


pbrra
parrapb

pa



rrapapbrrarra
pb



pa
rrarrapapb

rra


parra
rrapa

pb
pa
rrarra
pa
pb
parra


rra
rra
pa
pb
rra
rrarra
rra
pa


pb
rrarrarrapa
pa




pbparrarrarrarra





rrarrarrapbpa
rra



rra
rrarrarra
pb
pa

rra
pb
pa
pa
pbpb
parra


pa

pbrra
pbrra

rra
rra
pbpb

rrarra


parra
parra
pbpb


rra

papa
parrapb
pb



pa
parrapbpapb





parrarrapbpb
pa



pa
rrarrarra
pb
pa
rra

rrarra
pa

papb

papbrra

rra

pb
pa
papb
pa

rra
papb
pa
pb
rra

rra
pa
rra
pbpb
rrarra


pa

pbpa
pbparra
rra



pb
rrarrapbrra

rra


pbrra
papb
pbpb

pb


rrapa
pbpb
pbpa

pb


rrarra
papb
pb

pb
pa
rrapa

pb
pb
papb
rra
pa


pb
pbrrapapbpa





pbpapbpbpapb





papbpbrrapb

pb

parra
pb
pb
pbpb

pa


papb
pbpbpb


rra
pb
pa
pbpbpb

pa


papbpb
pb
pb

pa
pa
pb
pbpb
pbrra


rra

papbpb

pb
pbpb
rrapa


pb

pbpb
pbpapa

pb

pa
pb
pb
pbrrarra
pb




pbpbrrapbpbrra





pbrrapbrrapb
pb



rra
rrarrapb
pb

pb
rra
rrapb
rra

pb

pbrrapbrra
rra




pbrrapbrrarrapb



rra

rrapapb
pb

pb
rra
rrarra

pb
pb
rrapb
pb
rra

rra
rra
pb
pbpb
pa
rra


pa
rrapbparrb
rra




rrapbpapapbrrb





pbrrarrapbrra

rrb


pbrra
pbpa

rra
pb
pbrra
pb

rra

parrapb
papb



pa
rraparrarrb
pb




parrarrapapbrrb





parrarrapapb
pb



rra
rrapapapb

rrb



rrapapbrrarrb
pa



pa
papbpa
rrbrra
rra



pa
pbparra
pb
rra
pa

pbpa
pa

rrb

rrarrarra
papa



pb
parrarrapa

pa


parrb
paparra


rra

rrarrapapapb





pbpapapapa
rrb



pb
parrarrapa

pb


pbpa
rrapa
rra

rrb
pb
rrapa

rra
pa
pbpb
pa
pa


rra
rrapbrrapb
rra



pa
rrbrrapbrrarra


pa


pbpb

pb
rrarrapb
papb


pb

parrapb
pa
pb


pbrra
rrarra
pa

pb
pb
rrarra

pa
parra
pbrrb


rra

parra
papbpb

rra


pa
papapbrra
pb



pa
parrapb
pa
rrb

rra
pa
pbrra

pa
pb
papa
pb


pa
rrapapbpa
pb




rrarrarrarrapbrrb





parrapapbpa
pb



rrapa
papb
rrbrra


pb

rrarrapb
rrb
pa

pb
pa
pbpa

pbpa
pa
pb

pb

parra
rrbpbpa

pb


rra
papbpb
papb


rrarra

pb
papb
pb
rra


rrapb

papbpbpb
rra




rrapbpbrrarrapb



rra

pbpbpb
pa
pa


rrapb
pbrrarrb


rra
pb
pbrra
rra

rrb


rrapbpbrra
rrarrb


rra

pbpbrra
rra
pa
rrb

pbpb
pb

rra

rrapbpb
pbpb



rra
pbpapbpb

pbpb
rra



pbpb
parrbpb

rra


pbpb
pbpa
rrb

rra
pb
pbpb

pa
rrb
pbrra
pb
pb


rra
rrbpbpbrra
rrb




rrapbpbpbrrbpb



rra

pbrrarrb
pb

pb
rra
pbpa
rrb


pbrra
pbpapb

rrb


pa
pbpbpb
rrarrb


rrapb

rrbpb
pb

rra
rra
pbpb
pb

pbpb

parra


pbpb
rrbrra
pb
pa

pbpbpa


pb

pbpa
pbpbpa

rrapb



pb
pbpbrrapapb





pbpbpapbrrb
rra



pb
rrapbpb
pb
pa


pbpb

pbrrapbpa


pb

pbpbpapa

pb


pb
rra
pbrrapbrrb


pb

pbrrapa
pb
rra

rra
pbpb

rrarrb

parra

pbpb
pb


papbpa
parrbpb




rra
rrapbparrb
pb
pa


pb

rrapbrrarrb

rra


pbpa
pbrra
rra


papbrrb
papa



rra
rrbrrbrrapa


rrapb

pbpa

pa
pa
rrb
rrarrarrb

rra


pbpa
papbpa



pa
pbrraparrb


rrapb

parra

rrapb
rrb

pa

paparra

rrbrrb
rra


rra
parrbrrapbrra





rrbpaparrb

rrapa

rrbrra

rrb

rra
parra
rraparrbrrb



rra

rrbrrapa
pb
rra


rrarrb
parrbrra



pa
rrbrraparrb

rra


pbrra
rrapbpa


rra

rrbrrapa
rrb
pa


rrarrb
rrapbpa


papa
rrb
pa

pbpa

pa
pa
rrbrra

rrbpa
rrapb

rra


pbpb
pbrra
papb

rra


rrbrrapb
pb

rra

rrarrbpb
rrbrra

rrb

rrapa

pbpb

rrbparra


rra
pb
rrbrrb

pa
rra
pbpa
rrb

rrb
pa
rrarrb
pb
rra

rrb
pa
rrb
papb

rrarrb


rrbpa
pb

pa
parrbpb

rra

rrarra
rrbpb


pa
rrapb
rra
pb
pa

rrbpa
papb
rra


rrb
pbrra
rrarra

pb

pb
rrapbrra
papb




pbrrbrrapa
rra


pb
rrbpa

pa
rrapbrra
pb



parrbpbrrarra




rrbpbrrapa
pa



rrbpbrra
parra

rrb

pbrra
rrapa

rrb
pb
rrarra

rrapb

pb

rra
rrapb
pbrra

pbpa
rra


rrb
pbrrarra

rra

parrbpbrra




parrapbpb
rra



rrarrbrrapb
rra


papb
pb
rra
rra
rra
rrb
pb

rrarrb
papa

rrbpb
rra


parrb
papb


rra
papbrrapb




rrarrbrrapb
rra


rra
rrarrbpb

pa

rrarrb

pbrra
papa

pb
pb

rrarra
rrbpa

pb

pa
rrapbrrb
pa


rra
rrarrbrra


rra
rraparrbpb




rrarrarrapb
pb

rra
rra

rrbpa
pa
pb
rrbrra



papapbpbpa




rrarrbpapa
pb


pa
rrbpapb
rra


rra
rrbpa
rrapb

rra

rrbrra
pbrra

rra
pb
pbrra

pa

parrarrbpb




rrarrarrarrb
pb



rrapapbrra
pb

rra

rrapb
rra

pbrrbpa
pa



parrbrrapbpa




pbpapapa
pbpb




paparrb
rra
pbpa
rra


rrb
parra
pbpa
rrb


pa
parrbrra
rrbrra

rrb



rraparrarrbpb




rraparrarrb
rrb


rra

rrapbrrarra
pb


pa
rrbrra
pbrra

rra
rrb
pa

papb
parrb


rrarra
pb
rra
rra

pb

parrbpapbpa




rrbrrarra
pa
pb
rra
pb
pa

pa
rrbrrarrb
rra

rra

rra
rrbpapbrra




parrapbrrbrra




papbpapbpa


pb

pa
papa
rrbpb

pa

pa
rrarrb
pbparra




rrbparrbparra




pbparrapb
pa


rrb
papa
pbrrb
pa


pbpa
pa
pb

rrarrb
papa


pb
rrbrrapa
rra



pbrrbrrarrarra




rrbrrapbpa
pa


rrb
pbparrapa




pbparraparrb




rrbparrapbrra




rrbpapapbpa




parrapapb

pa

papa
rra
pb

rrarra
papa

pa

pbrra
papa

pa

pa
pbpa
rrapa

papa



rrbpapapapa




parrbpaparra




papbrraparra




papapb
papa

rra

pa
rrbrra
papa

rrarra


pbpa
papa

rrapa


pb
parrarra
rra



papbpaparra




papbpapa



paparrb

pa
parra

pb
papa
pa


pbpaparra



rrapapb
rrarra



pbparrapa



pbparrarra



parrarrb
rrapa



rrapapb
rrapa



rrbrrarrapa



parrapapb



rraparrb

pa
papa

pb
rrarra
rra


pbparrarra



papapb


rrapaparrb



rrarrarra
rrbrra



rrapapa
rrb

pa
pa
pa
rrapb
pa


rrarrarrarra



rrarrapa

rra
papa


rrarraparra



rrapaparra



parra
rra
pa

rrapapa


rrarra
rra
pa

rrapapa


rrarrarra


papa
papa


rrarrapa


papa
rra
rra

paparra


parra
rra
pa

papapa


papa
rra
rra

papapa


parrapa


parra
rra
rra

parrapa


papapa


rrarra
rra
pa

rrapapa


pa
rrapa

pa
rrarra

parra

rra
papa

papa

pa
parra

pa
rrarra

rra
papa

pa
rrarra

pa
papa

rrapa

pa
rrarra

pa
rrapa

rra
papa

pa
rrapa

pa
papa

rra
pa
pa
pa
pa
pa
pa
pa
pa
pa
pa
rra
rra
pa
pa
rra
rra
pa
rra
pa
rra
pa
pa
rra
rra
pa
rra
pa
pa
pa
pa
rra
rra
rra
pa
rra
pa
pa
pa
pa
pa
pa
pa
pa
pa
pa
pa
rra
pa
pa
pa
rra
pa
rra
rra
pa
rra
pa
pa
pa
pb
pb
pb
pb
pb
pb
pb
pb
pb
pb
pb
pb
pb
pb
pb
pb
pb
pb
pb
pb
pb
pb
pb
pb
pb
pb
pb
pb
pb
pb
pb
pb
pb
pb
pb
pb
pb
pb
pb
pb
pb
pb
pb
pb
pb
pb
pb
pb
pb
pb
pb
pb
pb
pb
rrb
rrb
pb
pb
rrb
pb
rrb
pb
rrb
rrb
pb
rrb
pb
pb
rrb
pa
rra
pa
rra
pa
pa
pa
rra
pa
rra
pa
pa
pa
rra
pa
pa
pa
pa
rra
pa
pa
pa
rra
rra
rra
pa
rra
pa
pa
pa
rra
rra
pa
rra
rra
pa
rra
pa
rra
rra
pa
rra
rra
pa
pa
rra
rra
rra
pa
pa
rra
pa
rra
rra
pa
rra
rra
pa
rra
pa
rra
pa
rra
pa
rra
pa
pa
rra
rra
rra
pa
pa
rra
pa
pa
pa
rra
pa
rra
pa
pa
rra
pa
rra
rra
pa
pa
rra
rra
rra
rra
pa
rra
rra
rra
rra
rra
pa
rra
rra
rra
rra
rra
rra
pa
rra
rra
pa
pa
rrb
rrb
pb
rrb
rrb
rrb
rrb
rrb
pb
rrb
pb
pb
pb
rrb
pb
pb
pb
pb
pb
rrb
rrb
rrb
rrb
pb
pb
rrb
pb
pb
rrb
pb
pb
rrb
rrb
rrb
pb
pb
rrb
pb
pb
rrb
pb
pb
rrb
pb
rrb
pb
rrb
rrb
pb
rrb
rrb
rrb
pb
pb
pb
rra
rra
pa
rra
rra
pa
rra
pa
rra
rra
rra
rra
rra
rra
rra
rrr
pb
pb
rrb
rrb
rrb
rrb
rrb
rrb
rrb
rrb
rrb
pb
rrb
pb
rrb
rrb
pb
rrb
pa
pa
pa
pa
pa
pa
pa
pa
rra
pa
rra
pa
pa
pa
pa
pa
pa
pa
pa
pa
pa
pa
rra
pa
pa
pa
pa
pa
pa
pa
pa
rra
rra
pa
pa
pa
pa
pa
pa
rra
pa
pa
pa
pa
pa
rra
rra
rra
rra
rra
pb
pb
pb
pb
pb
rra
pa
pa
rra
pa
rra
pa
pa
rra
pb
pb
pb
pb
pb
pb
pb
pb
pb
rra
pa
rra
pa
rra
pa
pa
rra
pa
pa
rra
pa
pa
pa
rra
rra
pb
pb
rra
rra
pa
rra
pa
rra
rra
rra
rra
pb
pb
rra
rra
pa
pa
rra
pb
pb
pb
pb
pb
rra
rra
pa
rra
pa
pa
rra
pa
pa
rra
pb
pb
pb
pb
pb
pb
pb
pb
pb
rra
rra
rra
pa
pa
pa
rra
pa
rra
pa
pa
pa
rra
pa
pa
rra
rra
rra
pb
pb
rra
rra
pa
pa
rra
rra
pb
pb
pb
pb
pb
pb
rra
rra
rra
rra
pa
pa
rra
pa
rra
rra
pa
pa
rra
pa
rra
rra
rra
pb
pb
pb
pb
pb
pb
pb
pb
pb
pb
pb
pb
pb
pb
pb
pb
pb
rrb
rrb
pb
rrb
pb
rrb
rrb
pb
pb
pb
pb
pb
pb
pb
rrb
rrb
pb
rrb
pb
rrb
rrb
rrb
pb
rrb
pb
pb
pb
rrb
rrb
pb
rrb
pb
rrb
rrb
pb
pb
pb
pb
pb
pb
pb
rra
rra
rra
pa
rra
pa
rra
rra
pa
rra
pa
pa
rra
rra
rra
rra
rra
rra
rra
rra
pa
rra
rra
rra
rra
rra
rra
pa
rra
rra
pa
rra
rra
pa
pa
pa
pa
rra
rra
pa
rra
pa
pa
pa
pa
pa
pa
pa
pa
rra
pa
pa
pa
pa
rra
rra
rra
pa
pa
rra
pa
rra
rra
rra
pa
pa
rra
rra
pa
pa
rra
rra
pa
pa
rra
rra
rra
pa
pa
rra
rra
pa
pa
pa
pa
pa
rra
rra
rra
rra
rra
rra
rra
rra
rra
rra
rra
rra
rra
rra
pb
pb
pb
pb
pb
pb
pb
pb
pb
pb
pb
pb
pb
pb
rra
rra
pa
pa
pa
rra
rra
rra
rra
pa
rra
rra
rra
rra
rra
rra
rra
pa
rra
rra
pa
rra
pa
rra
rra
pa
pa
rra
rra
rra
pa
rra
rra
pa
rra
rra
rra
rra
pa
rra
pb
pb
pb
pb
pb
pb
pb
pb
pb
pb
pb
pb
pb
pb
pb
pb
pb
pb
pb
pb
pb
pb
pb
pb
pb
pb
pb
pb
pb
pb
pbpb

pbpb

pbpb

pbpb

pb
pbpb

pbpb

pbpb

pbpb
pb

pb
rrapb

papb

rrapb

rra
pbrra

pbrra

pb
rrapb

rrapb

papb

rrapb

rrapb

rrapb

papb

rrapb

rrapb

rrapb

papb

rrapb

rra
pbrra

pbrra

pbpa

pb
rrapb

rrapb

rrapb

rrapb

papb

papb

papb

rrapb

papb

papb

rrapb

papb

pbpa

pbpa

pbrra

pbpa

pbrra

pbpa

pbpa

rrapa

papa

rrarra

parra

rrrrra

rrbpa

pbrra

rrbrra

pbrra

pbrra

pb
rra
rrbpa

pbrra

pbpa

rrapb

pa
rrbrra

pb
rrapb

parrb

rrarrb

rrapb

parrb

pbpa

rrbpa

rrbpa

rrbrra

pbrra

rrbpa

pbpa

parrr

rrarra

rrarra

rrapa

rra
papa

rrrpa

rrrrra

parra

papa

rrarrr
rra

pbpa

rrbrra

pbrra

pbpa

rrbrra

pbpa

rrbpa

rrbpa

papa

pa
rrarra

parra

rrapb

rra
rrbpa

rrbrra

rrbrra

pbrra

pb
rrb
pb
rra
rra
pb
rrb
pb
rrb
rrb
rrb
pa
rra
rra
rrr
rra
rra
pa
rrr
rrb
pb
rrb
pb
pb
rrb
pb
rrb
rrr
pa
rra
rrr
rra
pa
rrb
pbrrb

pb
pbpb

rrb
pbpb

pb
pbpb

pbrrb

pbpb

rrrpb

pa
pbrra

rrrpb

papb

rra
pb
pbrrb

pbpb
rrb

pbrrb

rrbpb

pbpb

pb
pbrrb

pbpb
pb

pbrrb

papb

pa
pbrra

papb
pa

papb

rrapb
rra

pbpa

papb

pa
pbpa

pbpa

rra
pbpa

papb

papb
pa

pbpa

pbpa

papb

rrapb

papb
rra

pbpa

papb

papb

rra
pbrra

pbpa

papb

papb

pa
pbrra

pbpa

papb

rra
pbpa

papb
rra

pbrra

rrapb

pa
pbpa

pbrra

papb

rrarrb
rra

rrbrra

pbrra

parrb

pa
pbpa

papb

rra
rrrrra

rrarra

pa
rrapa

papa

rra
parra

rrapa

pa
rrapa

parra

papa
pa

papa
pa

rrarra

rra
parra

parra

parra
rra

rrarra

papa

pa
rrarra

papa

pa
rrarra

parra

papa

parra

pa
papa

rrapa

papa
rra

rrarra

rrarra

rra
papa

rrarra

rra
rrapa

rrapa

rrarra

rra
parra

rrbrra

pbpa

pbrra

parrb
rra

rrarrb

papb
pa

rrapb

rra
rrbrra

pbpa

papb

rrarrb
rra

rrbrra

pa
papb

rrarrb

rrapb

rrapb
rra

rrarra

rrapa

papa

parra

rrapa

papa

papa

rrapa

papa

rrapa

rrarra

pbrra

rrbrra

rrbrra

pbrra

rrbrra

rrbpa

rrrpa

rrarra

parra

rrarra

pbpa

pbrrb

rrrpb

papb

rrapb

papb

rrbpb

rrbpb

papb

rrapb

rrapb

papb

rrbpb

papb

rrarra

pbrra

rrbpa

pbpa

rrbpa

rrbpa

parra

rrrpa

pbpa

pbpa

rrarrb

papb

papb

rrapb

parrb

rrapb

rrapb

rrapb

parrb

rrapb

rrapb

papb

rrapb

parrb

pa
rrb
rrapb

rrapb

rrapb

rrarrb

rrarrr

rrarra

rrapa

rrarra

rrarra

rrarra

rra
parra

rrbpb

rrbpb

papb

rrapb

rrapb

papb

rrbpb

pbpb

pbpb

pbpb

pbpb

rrbpb

rrbrra

parra

rrarra

rrapa

rrarra

rra
parra

rrrrra

rrapb

rrarrb

pa
rrbrra

pbrra

rrbpa

rrbpa

papa

papa

rrapa

rrarra

rrapa

papa

parra

rrarra

rrapa

rrapa

parra

rra
rrapa

rrapa

rrarra

rrapa

rrarra

rrapa

rrarra

rrapa

rra
parra

rrarra

rrarra

parra

rrarra

parra

rrarra

papb

rrapb

papb

papb

rrapb

pbrra

pbpa

pbpa

pb
pa
pbpa

pbpa

pbrra

pbpa

rrarra

parra

rrarra

rrapa

parra

parra

papa

rrapa

parra

parra

rrapa

rrarra

parra

papa

rrarra

pa
rrarra

rrapa

parra

rrapa

rrarra

rrarra

rrapa

parra

parra

rrapa

parra

parra
pa

rrarra

rrarra

rrarra

rrarra
rra

rrarra

parra

rrarra

papb

papb

papb

rrapb

rrapb

rrapb

papb

rrapb

rrapb

papb

parra

parra

rrarra

papa

rrarra

rrarra

rrarra

parra

rrapa

papa

rrarra

papa

pa
rrarra
pa
pa

rrapa

rrapa

parra

rrapa

pa
papa

rrarra

pbrra

pbrra

pbrra

pbrra

pbrra

pbrra

pbrra

pbpa

pbpa

pbrra

pbpa

pbrra

pbrra

pb
papb

rrapb

rrapb

rrapb

rrapb

rrapb

pbpb

pbrra

pbrra

pbrra

pbrra

pbpa

pbrra

pbrra

pbrra

rrapb

pa
pbpa

pbpa

pbrra

papb

papb

papb

rrarra

parra

parra

parra

rrarra

papa

parra

parra

parra

papa

papa

papa

papa

rrarra

rrapa

rrarra

parra

rrarra

parra

papa

papa

rrarra

papa

parra

parra

rrapa

parra

rrarra

rrapb

rrapb

rrapb

rrapb

rrapb

rrapb

rrapb

rrapb

rrapb

rrapb

rrapb

rrapb

pbpb

pb
pb
pbpb

pbpb

pbpb

pbpb

pbpb

pbpbpb


pbpbpb


pbpbpb


pbpbpb


rrapbpb


pbrrapb


pbpapb


pbpbpa


pbpbrra


pbrrapb


pbpbrra


pbpbrra


pbpbpa


pbpbrra


pbpbpa


pbpbrra


pbpbrra


rrapbpb


rrapbpb


papbpb


papbpb


papb
pb
pb
rra
pb
pbpb
pa

pb
pbpb
pa


pbpbpbpa



rrbpbpbrra


rrb
pb
pbpa

pb
pbrrapb



rrapbpb

pb
rrb
pb
rrapb
rrb
pb

rrapb

pb
pb
rrarrb
pb
pb


rrapbpbpb


rra
pbrrb
pb
rra


pbpbpb

rra
pbpb
rrbpb


rra
pbpb
pbpb

rra

pbpb
rrbpb


rra
pbpb
pbpb

rra

pbpb
rrb

pbpb
pbpb

rrb


pbpbpbpbpb




pbpbpbpbrrb




pbpbpbpbpb




pbpbpb
rrb
pb
pb
pb
pb
rrb

pbpb
pbpb

rrb

pbpb
pb
pb
rrb
pb
rra
pb
pbpb

pb

pbpapb
rrb

pb

pbrra

pbrrb

pbpb
pbrra

rrb

pbrra
pbpapb




papbpbrrb
rra

rra


pbpbrrrpa
pb


pb
rrapb
pbrrb

pb

rra
pb
pbpbpb
rra


pbrrb
pbpb

pa
pb

rrb
pbrrbpa
pb

rrb

pbrra
rrb
pb
rrb
pb
rra

pb
rrbpb
pbrra

pb


rrbrrbpbpapb




papbpbpbpb


rrb

pb
papbpbpb



pb
pbpbpa
pb


pb
pbrrbrra

rrb
pbrrb



pbpbpbrrb
rrb


pb
pbpbrrb
pb

pb

rrbrrapbpb




rrbpapbrrbpb




rrarrbrrb
pb

pb
papbpb
pb



pbparrb
pbpb

pb

parrbpb

rrb

pb
pbrrarrb
rrb


pbpa
pbpb

pb

pb
pbpapbpb




pbpbrrapbrrb



pb
papbpb
pb

pb

pa
rrapb
rrb
pb
rra
parrb


pbrra
papb
rrb


rra
pbpa

pbpb
rrbpa


pa
rrarrbrra

rrb
rrarrb


pa
papb
rrbrra

rra

pbpa
pa
pb
pb
rra

rrbpapbpb



pb
rrbpbpa
pb



rrbpbrrbrrb

pa

pbrrbrrbrrb




rrbrrbrrapb
pb



rrbparrbpbrra




papbpbrra
rra

pa

rrbpb
pa
papa
pb



rrbparrarrapb




rrapbparrapb



rrarra
rrbpa

pb

rrapapb
pa
pb


pb
parrapapbpb





pbrrapbrraparrb




pb
papbparra

rrb
pb

parra

rrb
rrbpa
pa
pb

pa

pbpbpa
pbrra
pa



pb
pbpapbpb
rra


rrb
rrb
pbpa
pb


pa
pbpbpbrrapb




rrb
rrarrbpbrra
pb



pb
papbpbpa
pb




rrbpbpapbpbpa




rrbrrb
rrapb

pbpa

pbpb

rrapb


rrbpapb
rra
pb
pb
pa
pa

pb

rrarrbrra
pbpa


pa

pbpbrra

pa
pb
papbpb


pa

rra
pbpbrra
rrb

rra
rrapbpb

pa

pb

papapbpb
rra




pbparrapbpbrra





pbpapapbpa
pb




parrbpbpapapb




pa
rrbrrapb

pa
pb
pb

papbpb
pa
pa

pb

rrapbrra
pbrra

pb

pb

rraparra
pb


rrbpbpa

papa

pb
rrb
pb
paparra

pb



pbpbrrapapa
pb




rrbpbrrarrarrapb




rrbpa
pb
papa

pbrrapb


pb

pbrra

papapb
pbpb


parrarra

rra


rrbpb
rrapapa

pa


rrbpb
rrapapa

rra



papbpbrrarrapa





rrapbpaparrbpa





papbpapapa
pb



papb
paparra

rrb


rrapbpa
rrapa



papb
pbrra
pa



rrapbrrapbpa
pa




papbpaparrbpa





papbrrarrb
rrarra



pa
pbrrarrb
rrapa


rra

papb
rrbpa
pa
pa

rrapb


rra
papbpapa

pb


pa
rrarra
pbpa

pbpa

pa
pa
pb
parra

rra
pa
rra
rra
rrbpa


papa
parra
pa

parrb

parrapa

rra


rrapb
rrarra
pa
pa
rrb

rra
pa
papa
pa


pbpa
pa
rra
rra
parrb
rra
pa
pa

pa
pa
rapapa

pa


rrbpa
parra

rrapbpa

rra



parrbpaparra

pa


rrapb
rrrpapa
pa




rrapbpapbrrapa





pbrrapbpapapa





pbpapapapbrra



rrb

rrapapa
rrb
pa


rrbparrarrarrb





parrbpa
parra
pb
rra

pb
pa
rra
rrarrb

pa
parrb
pa
pa

pb
rra
rrbrra

pa
rra

papbpbrrapa





rrarrarrbpaparrb





rrapapbpapa
pb


rra
pa
rrb
rra
pa
rrarrbra

pb


rra
pbpbpa
rapb


pa

pbrrbrra
rrbpa


pa
pb
rrbrra
rrarrb



rra
pbpbrrapbrra




papbrrbpbpa




rrapbrrbrra
pb


pa
pbpbrra


rrr
rrapbpb
pa


pa
rrapbpb


rra
rrarra
pbpb

rra

pa
rrarrb
pb

pa
rrarrapb
pb



parraparrbpb




rrarrapapb
pb



parrarrarrbpb




rrapapapbpb



pa
rraparra

pb

pa
parra
rrapb

pa

rra
parrapb

rrb

rrapa
pbpa
pb



rrapbparrbrra




rrarrarrbpb
pa


pa
rrapbrrb
pa


rrr
pbpa
papb


pb
pbparra
pb
pb


pb
papapb

pb

rrbrrb
rra
pbrrb

pb

pbpa
rrbpb

pb
rra
pb
pb
pb

pbpa
pbrrb
pb

pb

pbrra
rrb

pbrrb
pb

pa
pbpb
pb
pb
pa
pb
pb

pbrrb
rrb
rrb

pb
pbrrrpb
rrb


pb
rra
pbpbrrb
pb


rra
pbpbpa
pb



rrbrrapapbpb




parrbrrbrrapb




rrbrrapapbpb




rraparrbpb
pb



rrarrbpbrrarrb




pbrrarrapbrrb




rrrrrbrrbpbpa




rrarrbrrbrrb
pa


rra
rrbrrb
rrb

pa
rrrrra

pbrrb
pa

pa
rrarrbpb
pa


rra
rrbrrarrb
pa


rrb
rrbpa
pa
rra
rrb
pa

rrbrrr
parrb


rra
pbpb
rrarrb

pa

rrb
pb
rrarrb
rrapb

pb

rra
rrbrra
pbpb


pa
pbpb
rrb

pbpa
rrbrrb

pb

pbparrb

rrb

rrbpb
pb

parrb
rrb
rrb

pbrra
pbpb

pbrrb

papb

rrbrrb

rrb

pbrrapb
rrrpb


pa

rrapbpb
rrb
pa

rra
pa
pb
rrbpb
rrapb

pa
rra
rrb
rrb
pb

rrarra

pbpapb

rrbpb


rra
pb
rrapb
pbpb

pb
rra

pa
rrbrrb
rrb
pbpb

rra
pa

rrbrrb
rrb
pbpb

rrr
rra

pb
rrbrrb
pbpb
pb

rra

rrb

pbpapb
pbpbpa


rrb


rrb
pbrrapbrra
pbrrb



pb

pbrrapb
pbpbpb



pb

rrapbpb
pbrrb
pb

pb

pa
pbrrb
pb
pbpb


pbpa

pbpb
pb
pbpb


rrarra

pbpbrrb

rrbpb


rrarra

pbrrb
pb


rrbpbpa
parrbrrb


pb


pbpapb
rrbrrarrb


pb


papbpb
rrb
parrb


pbrra

rrrrrb

pbpbrra

rrapb


rrb
pa
pbrrbpa
rra
pb


rrr
rra
rrbpb
parra

pb
pa

rrarrb

pbrrarra

papb


rrb
rrr
pbrrapa
rra
pb



pbrrb
rrapbrrarra

pb


rrb
pb
papa
pbrra
pb

rrb

rra
papa
papb

pb

pb
parra

parra

pbpbpb

parra


parrr

pbpbpb

parra

pa
pb

rrbpb

pbrrbpa

papb


rrbpb

pbpbpa
pa
pb

rrb

pb
papb
pa
rrbrrb


rrb
pb
pa
rrapb
pb
rrb
pb
pb

papa

pbrrbpb

pbpb


rrbpa

pbpb

rrbpb
pbpbpa


rrb


pbrrb
pbrrrrrbpa

pb



rrbpb
pbrrarrbpa

pb



pb
pbpbpbrrarra
pb




rrb
pbpbrrapbrrb

pa



rrbpb
pbparrb

pbrrb


pbpb

parrbpb

pb
pb

pbpbpa

rrbrrb



pbpb
pbpbparrb

rrb




pbpbrrbpbrrarrbrrb






rrbrrbpbpapbpbrrr






rrbpbpapbrrapbrra






rrbrrrrrarrbrra
rrapb



pb

parrarrbpa
pa
pb



pbpa
pbparrapa


pb


rrbpapb
parrrpa



pb

rrapapbrra
pbrra



pb

rrapbpapa
pb
pa


pb

pbparrarrapbrrr






pbpbpaparrarrbpb






pbpapapbrrapbrrb






pbpapapapbpb
pb




pb
rrarrarrarrb
pbpb



rrb

papaparrb
rrbpb



rrb
rrapa
rrarrb

rrb

pa
pbpa
rrapa
pb


rrb

rrarrarrarrb
rrapb



pb

papbpbpa
papb




rrb
papbparrbrra
rrb




rrb
rrapbrrapapb
pb





pbrrarrbparrapbrrb






rrbpbpbpaparrbpb






pbparrbparrapb
rrb




rra
parrbpapapb
pb




pa
rrapbpaparrb
pb




rra
pbpbparrarrapb

rrb




pbpb
pbpapapapb

rrb




pbpb
papbparrarrb


pb



pbpbrra
pbpapapb


rrb



rrarrbrra
pbrrarrrpb


pb



rrarrbpa
pbparrbrrb


pb



papbpa
pbrrapbrrb


rrb



papbpa
pbparrbrrb


pb



rrapbpa
pbpapbrrb


rrb



papbpa
pbrrarrrpb


rrb



papbrra
pbrrapapb


pb



rrapbpa
pbrrrrrbpa


pb



pbrrbrra
pbrrbpb
pa


rrb
pb

rrbparrb
pb
pb

rra

rrbpb
pbpa
pbrrb



pb
pa
pbrrbpbrra
rrb
pb




pb
papbpbpapbrrb
rrb






pbpbpapbparrbpbpb







pbpbrrapbparrbrrb
pb





pb
pbrrbparrapapb
rrb





rra
pbpbpaparrarrb

pb




rrarrb
papbrrarrarrb


rrb



papbpa
pbrrapapb


pb



rrapbrra
pbpbpb
rra

pb


pa
rrbpa
rrb
pbpbpa


rrbrra


pbrrarrb

rrbpb
rra

rra
rrb
pb
parrb
rrb

pb

rrapa
pbpb
papb

pb



pbpa
parrbpbparrb

pb




pa
pbrrapbrrapbpb
pb





pa
pbpapbpapb
pbrrb




pa

pbrrarrbpapb
pbpb




pa

pbpbpapapb
rrbpb




rra

pbpbrraparrb
rrb
rrb



rra
pb
rrapbrrbrra
rrb

rrb


rra
rrbpa
pbpb
papb


pb
pb

pbrrapb

pbpb
rra

pbrrb

rrb
parrb

rrb
pb
rra
pb
rrbpb
rra
rrb
pb


pbpa
rra
pbpbpa

pb
pb


pb
rrapa
rrbparrb
pb

rrb



pbpapa
pbpapbpb


pb



pbrra
parrbparrbrrb

pb



pb

pbpapbparrb
pbpb




pb

pbrrapbpapa
rrbpb




pb

pbpbparrarra
pbpb




pb

rrbpbparrarra
rrb
rrb



rra
rrb
papbrrarra
pb

rrb


pa
rrbpa
papbpa
rrb


rrb

pa
rrbrrarrb
pb
parrb


pb
pa

rrbpapa

pbrrbrra


rrarrb


rrbparrr

rrbpb
pa

rra
pb
pa
parrb
rrb

pbrra

pa
rrbpa

papb
pb

rra
rra
rra
rrbpbrra

pb
pb


pa
rrapa
rrbparrr
rrr

rrb



rrarrarra
pbpaparrb


rrb



rrapa
parrbparrapb

rrb




rra
papapbparra
papb




rra

rrarrarrbrrapa
rrbpa




pb

parrbpapapa
pbrra




pb

rrarrbpaparrb
rrbpa




rra

rrbpapapapb
rrb
pa



rra
pa
paparrbrrb
rrb
rra



pa
pa
parrarrbpb
pb

pa


pa
papa
papbpb
rrb

pa


rra
rrbpa
rrarrbrrb
pb

pa


rra
pbrra
parrbrrr
rrb

pa


rra
rrbpa
rrarrarrb
rrb

rra


rra
pbrra
parra
pbrrb


pa
pb

pbparra

rrarrb
pb

pbrra

rrb
papa

pb
pa
rrb
pb
parrb
pa
rrr
pb


pa
rrbrra
parrapa
pa

pb



rrarrarrb
papaparra


rrb



papa
pbpaparrarra

rrb




rra
papbpaparrapa
pb





pa
rrapbpapaparra
rrb





rra
rrapbparrarra
parrb



rra


papbpapa
paparrb



pa


parrarrbpa
papb
pa


rra

rra
papb
parrb
pa

rra

rra
pa
pbparrb
pa
rra


rra

rrapbrrapa
pbrra



pa

rrarrapbpa
pbpa



rra

rrapapbpa
rra
pa


pa
pa
parrbpa
rra
pa


pa
pa
rrapbpa
pa
rra


pa
pa
papapb
rra

pa

rra
papa
rra
pbrra

pa
pa

papa

parrbpa

parra

parra

rra
pb

rrarrapa
parra





papapaparra
rra



rra
papapb
pa


rra
papapb
rra


pa
paparrapb
pa



rra
rrapaparrb
rra



pa
paparrapb
rra



rrb
papapapb
pa



rrb
papaparrb
rra



rrb
rrarrbpapb
pa



pb
parrbpapb
pa



pb
parrbpapb
rra



pb
papbrrapb
pa



rrb
rrapbrrarrb
pa



pb
parrbpapb
rra



pb
papbparrb
pa



pb
parrbpapb
pa



rrb
rrapbrrapb
rra



pb
parrbparrb

pa


pbpa
rrbpapb

rra


pbrra
rrbparrb

rra


pbpa
pbrrarrb

pa


rrbpa
pbrrapb

rra


rrbrra
pbparrb

pa


rrbpa
pbparrb

rra


rrbrra
rrbrrrpb

pa


pbrra
rrbrrbrrb

pa


pbrra
pbrrbrrb

rra


pbpa
rrbpbrrb

pa


pbpa
pbrrbpb

pa


pbrra
pbrrbpb

rra


pbrra
rrbparrb

rra


rrbrra
pbpapb

pa


rrbrra
pbrrapb

rra


papa
pbparrb

pa


parra
pbrrarrb

rra


papa
rrbrrapb

pa


parra
rrbparrb

pa


papa
rrbpapb

pa


papa
papapb

rra


parra
parrarrb

pa


parra
paparrb

rra


parra
paparrb

pa


parra
paparrb

pa


parra
parrapb

rra


papa
paparrb

pa


papa
papapb

pa


papa
parrarrb

rra


parra
paparrb

pa


parra
parrarrb

pa


papa
paparrb

rra


parra
parrarrb

pa


parra
paparrb

rra


papa
parrarrb

rra


parra
paparrb

pa


parra
papapb

pa


parra
paparrb

rra


papa
paparrb

rra


parra
papapb

rra


papa
parrapb

pb


papa
parrapb

rra


papa
parrapb

pa


rrarra
parrapb

rra


parra
papbpb

pb


rrapa
papbpb

rra


rrarra
parrapb

pb


rrarra
parrapb

rra


rrarra
paparra

rra


pa
paparrarra
pb



rra
paparrarra
pb



rra
rrapapbpa
pb



pa
rrapapbrra
pb



pa
papapbrra
rrb



rra
papapbpa
pb



rra
rrarrbpbpa
rrb



rra
rrapbpbrra
rrb



rra
parrbrrarra
rrr



pa
rrapbpapa
pa



rra
rrapbparra
rra



pa
rrapbrrapa
pa



rra
parrbrrapa
pa



pa
rrarrbparra
pa



pa
rrarrbrrarra
pa



pa
rrapbparra
rra



rra
rrapbparra
rra



rra
rrapbpapa
pa



pa
rrapbpapa
pa



rra
rrarrbrrapa
rra



pa
papbrrarra
rra



rra
rrarrbrrapa
rra



pa
rrapbrrapa
pb



rra
papbrrapa
pb



parrarrbpb
pa


rra
pbrrapb
pa




papbrrarrapbpa





papbparrapbrra





parrbrrapbrrapa





rrarrbparrapapa





rrarrbrraparrarra





parrbrrarraparra





parrbrrarrarrapa





rrapbpbpa
pa
rra

rra
pb
pbrra
rra

pa

rrapbrra
rrapa


pa

papbpa
papa


rra

rrapbrra
rrb

rra
pa
rrapb
pa
rrb


rra
parrarrbrra
rrb



pb
parra
rrbrra
pb
pb


rrapa
pbpbrrb

pb


papa
rrbpbrrb

pb


parra
rrbpbrrb

pb


papa
rrapbpb

pb


pa
rrapapb
pbpb


pa

rrarrarrb
pb
pb


parra
rrapbpb

rra


papa
parrbpb

rra


pa
paparrbrrb
pa



pa
parrapbrrr
rra



pa
rrarrapbrra
pa



pa
parrapbpa
rra



pa
rrarrapbrra
pa



pa
papbpbrra
pa




pa
papbpbrra

rrapa


papa
pbpb

rra

pa

rrarraparra
pbrra





parrapapapbpb





rrapaparrbpb
rra
pa


rra
papapbpb

pbpa


rra

rrarrapb

rra
pbrrbpb

pb
rra


rrarrapb
pa
pbpb


pb
rra

papb
rrb

rra
pbrrb
rrapb
pb
rra

pb

rra
pa
pbrrbrrbpb
pb
pb



pa
papb

pbrrbrrbpb


pbpbpa


rrbrrbrra



rrbrrarra

pbrrapb


rrbrrbpb


parra


rrarrapb


pbrrbrrapb

rrapa


pb
rrapb



rrbpa
pbrrarrbrrarra


pbpa



rrbrrb

rrarrbrrarra

pb



rrbpb

rrapbrrapa
rrb

pb


rrbrrarrb

pbpa
rra

rrapb

pbpbparrb

rra



rrarrb
pbpbparrb

pa



rrapb
pbpbpa
rrb


pa
rrb
rrapbpb
rra
rrb



rrarrb
rrarrbpbrra


rrb



rrarrapbrrarrbrrbrrb






pbrrarrb
rrarrbpb
rrb


pb


rrbpbpbpbrra
pb
pb


pb
rrb
pbrrbrra
rra

pb


pbpapb
pbrrarra



pb


pbpapbpbrra
parrb


pb
rrb


parrb
rrapapb
pb


pb

parrb
pbpb
rrarrb
pa

pb

pb
pbpb

rrarrb
pa
pb
pb
pb


pbpbpbpb
papb



pb

pbrrbpbpb
papb




rrb
parra
pbrrapb
pb
pa


pb

papbparrb
pbpa




rrb
pbpa
pbrrapb
pa
pb


pb

rrarrbrrapb

papb



rrapb
papapbpb


pb



parrbrrbpapbrra
rrb




rra

rrbrrbpapbpa
rrarrb




pb
pbpbpbpa
papb


rrbpbpb


pb


pbrrbpa

parrbrra
pb
pb
rrb
pb
pb
pb
rrb
pb
pb
pb
pb
rrb
pb
pb
rrb
pb
rrb
rrb
rrb
pb
pb
pb

rrb
pb
pbpb

pbpbpb


rrbpb

rrbrrbpb


pbrrbpb

pbparra


pb
rrbpa


rrarrbpbrra



rrapbrrbrra




parrbpbpa




rrapbpbpa
rrb


pa
rrbparrb
pbrrb


pa
pbparrb
pb



pa
rrbrrapb
rrbpb


pa

rrbpapb

rrb
pb
rrapb
rra
pb

rrb
pb
rrapb
rra
pb

pa

pbpb
rraparrb

pa



pbpbrrapapbpa





rrbrrbrraparrbpa






pbpbrrapapbpa



rra

pbrrbrrarra
rrbpa





papbrrbpbrrarrapb






pbpapbrrbpbparrb






pbrrbrrapbpbpapb






pbpb
pbrrbpbparrb
pb
pb




pb
pbpbpapb
pb
pb




pbpbpbpbrrapbrrb



pb


pbpbpb

rrarrbpb

pbpb


pbrrb


rrarrbrrb

rrapb
rra
pa
pb

rrarrb

paparrb


papb

rraparrb


rrarrb

parrbrra
rrb


pa

pbparrbrrb
papb




pa
rrbpapbrrbpa
pb





parrbpa
rrbrrbpapb


rra


rrbrra
pb
pbpapb
pb

pb

pa
rrbpb
papb
rrb


pb
rra
pbpb
rrbrrb

rrb

pb


pbpbpapbrrbpbrrb






pbpbrrapb
pbpbrrb


pa



pbpbpbpbrrapbrrb




pb

rrbpbrrbpb
pbpb



pb

pbpbpbpb
pbrrb



pb

rrbrrb
rrapb

pbpb
rrb
pbpb


pa

papbpbrrb
pbrrb



pa

papbpbpb

pbpb


papb


papbpb

pbrrb

pb


pbparrarrbpb
pb
pb



papb
parrb
pbpb

pb
pbpa


pa
pb
pbrrbpb
pb
pa



parrb
pbpbpbpb

pa



papb
pbrrb
rrbpb

pa
pb


rrbrra
rrbpbpapb
pb

pb


pa

papapbpb

pbrrb


pbpa


rrapapb

pbrrapb

rrapa


papb

pbparrb

rrapa


papb


pbpaparrb
parra




rra

rrbpa
papbpbpa
pa
rrb



pbrra
parrbpapa

rrb



rra
pbpapbparra
pb
rra



pbpa
pa
rrapa

pb
rra

pbparra
pa

papa


pbpa

rrbpapa


pa
rra
parrbpapa
rrb




pa
rrapapa
rrapa

rrb

pa
rrapa
rrapa
pa

rrb

pa
papa
papa

pa

pb
pa
rrapapa
pa
pa


rrb

pa

papapapa
rrbrrapa



rra


rrapapapbparrb
rra





rrapapapbrrbpa
rrb




pa

parrbpa
pbpbparra

pb



papapapa
rrbrra


pa
pb


rrarra

paparrb
paparra



papa


rraparrb
paparra


rra



rrarrarrbparrapapa



rra



papapb
parrarrapa


rra


papbpa

parrapa

rrb
rra

papa
pa
rrapa

pb

pb
rrapa

rrarra
pa
papbpa


pb


rrarrapbpa
pbpa




pb
rrarrapbparrb

pa



pbpb
parrapbrra


pa
rrb
pa
papb


pa
pb

papb
rrapapapb

pa



rrarrapapb
papb



pa

rraparraparrb
pa




rra
parrarrapapb

pa



papa
rrarraparrb


rra


rraparra
papapb



pa

papaparra
parrb




rra
papapbrrarrapa






rrapapa
rrbparrapa



rra

paparrarrb
papa




pa
rrapapapbpa
pa





rraparrarrapbpapa



papa


rrarra

pbrrapa

rrapa


rrapb

pbparrapa

rra



pbpb
pbpapapa

pa
pb


pb
rrb
papapapa

pb



pbpb
rrapapapa

pb
rrb


rra
pb
rrapapa
rrb
rrb



papb

parrapapb

rrb
rra


papb
rrapb
rrb
rrapa

rrb
pa

pb
papb
rrbpa

rrb

rra
pbpa

pbpa
rrb
pbrrb

pa
pa

pb
rraparrb

pbrrb


pbpa

pbpapb

pbrrbpa


pb



pbrrarrbpbrrbpbpa






pbrrapbpbrrbpbpa






pbrraparrbpbrrbpb






pbpapapbpbrrb
pb




pb
rraparrbrrarrb

pb



pbrra
parrbrrarrb

rra



pbpa
papbparrb


pa


pbpapa
pbpapa



pa

pbrraparrb
papa




pa
pbrrapaparrbpa






papbrra
parrapbpa


pa


pbrrbrrapapa

pa



rra
papbrrapbrrapa






rrapapbpapbrrapa






rrapapbrrapbparra



pa


pbpbpa
rrbrra
pa


papb
pb
pbparra

pa



paparrapb
pbpb




pa
parrapbpapb

rrb



pbpa
paparrbpa
pb



rra

pb

pbpapa
rrapapbpb


pb


paparra
papbpb



pb


rrbparrarrapbpb

pb




pbpbrrarrarrarrapb






pbrrbrrapapa
rra
rrb


pa

papbpb

pa
rrarrb
pbrra
rra

pb


rra
papb
rrbpb
parra
rra

rra

pb
pbpb
rrarra
rra

pa

pb
rrapbpb
pa
rra


rra
rrb
rrarrb
pb

parra
rra
parrb


rrb
rrapb
papa
pa
rrb
rrb

pa
rra
pb

papa
pb
rrbrra

rra
pb

rrarra

rrb
rrbpa
rra
rrapbpb


rra


rrbpbrra
pbparrb



rra

rrbrrbpbpa
pb
rra



pa
rrbpbpbrrapa

pb



pa
parrbrrb
pbpa
pb


rra
rra
parrbrrbpb

pb
pa


pbpb
pa
rrbpb

pb
pbpa

pb
pa

rrbpb
pb
pbrra


pbpa


rrbrrbrra
pbpbrra


pa


pa
rrbpbrrarra
pbpa



rra

rrbpbrrarra
pbrra



rra

papbpaparra
pb





rraparrbpapbpapa






rrapapb
rraparra
pb
pa
rrb

rra

rra

rrapa
papbpbpa

pa



rrarra
parrbpa
pbpa
rra




pa
parrbrrarra
pbpa


pa

rra
papa
rrarra



pbpa
pa
papapa
pa

pb

parra
papa
rra

rra


pbparra
rraparra


pa


parra
pbrraparra

rrapa



rrapa


parra
pbrra
papa
rra

rrapb
rra
rra


pa
pa
rrapapb


parrbpa

papa



rrapb
papb
parrarra

pa



papb
pbrrapa
pa
pa
pb

rra

pb
parra

pa
papb
papa

rrb

pbrra
papa

rra
rra

rrbpb
rra
papa


rraparra

pbpb


papa


parra
rrapa
rrarrb
pb



pa
parrapbpa
parrb



pa

rrbrrapbparra





papbpapbpa
pa



papb
rrapbrra


papa

pb
rra
pbpapa

pa


pbpapa
pbpa



pa
rrbrrapapbpa




pa
rrbpaparra
pa



rra
pbpaparra
rra



rra
rrbparra
parra


rra


rrbpapaparra
rra



pb
paparrarra

parrb


rrb

paparra
pb

pa


pbpapb

rrarra
rrarrarrb

rrb


rrb
parrarra
papb



rrb

parraparrapbrrb



pa

rrbrra
papapb

rra


pbparra
rrapb


pa

rrarrbrrbpa
pa



rra
pbpbpapa
pa



papa
pbpb
rra
rra

pa
pa
rrbrrarrb

pa



parrarrbparrapb





parrarrbparrbrra





rrbrraparrapbrra





parra
rrarrbparra
pa



rra
pa
pbparrapa
rra



rra
rrbrrarrapa
pa



pa
rrbrrapa
rrapa


pa


rrapbpapbparra





parrarrbpapa
pb



rra
rrapbrrapbpa




pa
papapb
pbpa


pa

parrarrapbpb





pbpaparrapa

pb


rrbrra
papaparra





pbrrapa

rrapa

rrapapa

rrarraparrb





papaparrapapb





rraparrarrarrb




rrapa
rrapbrrb
rra


pa
pbpbrra
pa
pa


pb
rrbrra

rrapbpa
pb



rrapbpapbpa




rrapbrrbpa
rra


pa
pbpbpa

papb

pa


rrapbpapb
parra




papbpapb


pa
papapb

pb

papa
rrapb
pb


pa
parrapbpb


pa


parrarrapbpb




papa
pbpapbpb


pa

pa
pbpapb
rrb


pa
papb
pb

rrbrrb
pbpa

pb

rrbpb
papb

pbrrb

rrb

rra
pbpbrrb

pb


pbparrb
pb
pb
rra
pb
rrb
pb

pbrra
rrbrrb

pb

pa
pbrrbrrb
pb
pa


rrbrrbpbpa



rrbrrbpbpa



rrbpbpbpa



rrbpbpbpa



rrbpbrrapb



rrbpbpapb



rrbrrbpb


rrbrrbpb



rrbpbrra


rrbrrbpbpa



papbpbpa


pa
pbpa


pbrrbpapa

rrb

pb
parrarrb



rrapbparrb



rrapapbrra



papapb

pa
pa
parrb

rrarra
pa


rrbrrapa
rra

pbpa
pa


rrapbpapa



parrbparra



rrapbpapa



papa
rrbpa
pa
pa

pb
rrapa
pa

pb
rrapa

pbpa

pa
papb

pa
rrbrra
pb


parrbrrarrb



pbrra
pbpa
pb

pb
rra
rrarrb
rrb


papbpbpa


pa
pbrrb

pa
papbrrb



parrbpapb



parrbrrapb



rrbparrapb



rrbrrarrbrra


pb
rrapb

parra
rrb


rrbrrapb
pa

pb
parrb

pa
pbrra
rrb

pa
pbpapb



rrbparra
rrb

pa
pa
rrarrb
pa

pa
pbrra
pa

pa
rrbrra
pa


parrbpa
rra

pa
rrbpa

rra
parrb
pa


pbpapbpa



parrbpbpa



papbpbrra


pb
papb
pa

rrb
pa
pbpbrra


pb
pa
pbrra
rrb

pa
rra
rrapb
pa

rra
rrb
papa
rra


pbparra
rra

rrbparra



rrarrbparra



pbpaparra



pbpa
rrarrbrra



papb

rrarraparrb



rrarraparrb



rraparrbpb


rra
parrb

pb
rrapa
rrb


pbrrapapb



rraparrbpb



rraparrbpb



rrapapb

pb
rrarrb
pa

pbrrb
rra

pa

papbrrapa


pa
pbpa

rra
papbpa



rrapapbpa



papbpapa



papapb
pa

pa
papb

pa
papapb



parrapapb



papapapb



paparrapb


pa
pa

rrapbpapa



pbrrapapa



pbpapa
rra

papb
pa


papapbpa


pb
pa

rrapapbpa


pa
pb

rrapbpapa



pbrrapapa



pbparrapa


pa
rra
papa
pa

rra
papa
pa
pa

pa

rrarraparra



parrapapa



papa
papa
rra

rrapa

pa
parrapa



paparrapa

rra


papapapa



rrarraparra



rraparrarra



rraparra
rra

rrapa
rra


rrapaparra



rraparrapa



rraparrarra



rrapapa
rra

pa
parra
rra

pa
papa

pbpa
rra

rra
pa
rrapb
rra
pa

rra
papb
pa
pa

pa
papb
rra

parra

pbpa
rra

rra
pa

pbparrapa

rra


pbrraparra



papbpapa

pa

rra
papa
rra


parraparra



rraparrapa



papapa
pa

rra
parra
rra


rrapapa
rra

pa
rrapa

pa
papa
pa


parrarrarra



rraparrapa



rrarrarrarra



parrapa
pa

rra
parra

rra
papa
rra


rrarraparra



parrarrapa



rraparra
rra

rrarra
pb


parrarrapb



rrapbparra



pbrrarrarra


rra
pb
pbrra
pa

pb
pbrra
rra

pb
pa
pbpa
pb


papapbpb



rrapapb
pbpa



rrapbrra
pb

rrapb
rra


pbrrapbpa



pbpapbrra



papbpbrra



papbpbpa



rrapapbpb


parra
pb


pbrrapapb



papbrrapb



rrarrapbpb



rrarrapb
pbpa



papbrrapb



rrapbpa
pb

rra
pbrra
pb

rra
pbpa
pbpa


pb
parra

pb
pbpapa



pbrrbrrarra



pbpbrrarra



pbpapbrra



pbrrapa
pb

pb
rrarra

pb
pbpa
pa


pbpbrrarra



pbpaparrb



pbrrarra
pb

pb
papa

pb
pbpa

pa
rra
pbrrb
pa
pa

pb
rrbrra
rra

rrapb

rrbrra
rra


pbrrapa
pb

pb
papa

pb
pbrra
pa


rrbpbpapa

pb


rrbrrarrarra

pa


pbrrarrapa



pbparrarra



rrarrarrbrra



rraparra
pb

rra
pa

rrbrrapa

rra

pbrrarra


rrbpapa


pbrrarra


pbrrarra


rrbrrapa


pbrrapa


rrbparra


rrbpapa


parrbrra


papa
pb
pa
rra

rrbpapa


rrbrrapa


rrbparra


rrbrrapa


pbpapa


pbparra


pbpapa


rrapbpa


rrapa

pbrrarra


rrbpapa


rrbparra


rrarrbrra


papbrra


rraparrb


rrapa
rrbrra


pa
rrbpa

papb

rra
rrbrra

rrbrra

pbrra

rrarrb

rra
rrbpa

rrbpa

pbpa

rra
pbrra

pbpa

pa
rrbpa

pbrra

rra
rrbrra

papb

rra
rrbrra

rrarrb

pa
pbpa

pbpa

rrapb

rra
rrbrra

rrbpa

pbrra

rrapb

pa
pbrra

pa
pbrra

rrarrb

pa
pbpa

parrb

pa
rrbpa

rrbpa

papb

rra
rrbpa

rrbpa

rrapb

rra
rrbrra

rrarrb

rra
rrbpa

parrb

rra
rrbrra

papb

rra
pbpa

papb

rra
rrbrra

pbrra

pa
rrb
rrb
rrb
rrb
rrb
rrb
rrb
rrb
pb
rrb
pb
rrb
rrb
rrb
rrb
pb
rrb
pb
rrb
rrb
rrb
pa
rra
pa
pa
pa
pa
pa
pa
pa
pa
pa
pa
pa
pa
pa
pa
pa
rra
pa
rra
rra
pa
rra
rra
rra
rra
pa
pa
pa
rra
pa
pa
pa
rra
rra
pa
rra
rra
pa
pa
pa
pa
pa
pa
pa
pa
rra
rra
pa
pa
pa
rra
rra
pa
pa
pa
pa
pa
pa
pa
pa
pa
pa
rra
pa
rra
pa
rra
pa
pa
rra
pa
pa
rra
rra
pa
pa
pa
rra
pa
pa
pa
rra
pa
pa
rra
pa
rra
pa
rra
pa
pa
rra
pa
rra
pa
pa
pa
pa
pa
